;  LST file generated by mikroListExporter - v.2.0 
; Date/Time: 09-02-20 18:37:08
;----------------------------------------------

;Address Opcode 	ASM
0x0000	0xF000EF48  	GOTO        144
0x0004	0x0000      	NOP
0x0006	0x0000      	NOP
0x0008	0xF000EF00  	GOTO        0
0x000C	0x0000      	NOP
0x000E	0x0000      	NOP
0x0010	0x0000      	NOP
0x0012	0x0000      	NOP
0x0014	0x0000      	NOP
0x0016	0x0000      	NOP
0x0018	0xD7F3      	BRA         0
_decalage_gauche:
;can.c,17 :: 		void decalage_gauche(){
;can.c,18 :: 		while (mesLeds != 0x80) { // Tant que mesLeds != 0b10000000
L_decalage_gauche3:
0x001C	0x5015      	MOVF        _mesLeds, 0 
0x001E	0x0A80      	XORLW       128
0x0020	0xE015      	BZ          L_decalage_gauche4
;can.c,19 :: 		mesLeds = mesLeds<<1; // Decalage a gauche
0x0022	0xF000C015  	MOVFF       _mesLeds, R0
0x0026	0x3600      	RLCF        R0, 1 
0x0028	0x9000      	BCF         R0, 0 
0x002A	0xF015C000  	MOVFF       R0, _mesLeds
;can.c,20 :: 		LATC = mesLeds;
0x002E	0xFF8BC000  	MOVFF       R0, LATC
;can.c,21 :: 		Delay_ms(200);
0x0032	0x0E03      	MOVLW       3
0x0034	0x6E0B      	MOVWF       R11, 0
0x0036	0x0E08      	MOVLW       8
0x0038	0x6E0C      	MOVWF       R12, 0
0x003A	0x0E77      	MOVLW       119
0x003C	0x6E0D      	MOVWF       R13, 0
L_decalage_gauche5:
0x003E	0x2E0D      	DECFSZ      R13, 1, 0
0x0040	0xD7FE      	BRA         L_decalage_gauche5
0x0042	0x2E0C      	DECFSZ      R12, 1, 0
0x0044	0xD7FC      	BRA         L_decalage_gauche5
0x0046	0x2E0B      	DECFSZ      R11, 1, 0
0x0048	0xD7FA      	BRA         L_decalage_gauche5
;can.c,22 :: 		}
0x004A	0xD7E8      	BRA         L_decalage_gauche3
L_decalage_gauche4:
;can.c,23 :: 		}
L_end_decalage_gauche:
0x004C	0x0012      	RETURN      0
; end of _decalage_gauche
_decalage_droite:
;can.c,9 :: 		void decalage_droite(){
;can.c,10 :: 		while (mesLeds != 0x01) { // Tant que mesLeds != 0b00000001
L_decalage_droite0:
0x004E	0x5015      	MOVF        _mesLeds, 0 
0x0050	0x0A01      	XORLW       1
0x0052	0xE015      	BZ          L_decalage_droite1
;can.c,11 :: 		mesLeds = mesLeds>>1; // Decalage a droite
0x0054	0xF000C015  	MOVFF       _mesLeds, R0
0x0058	0x3200      	RRCF        R0, 1 
0x005A	0x9E00      	BCF         R0, 7 
0x005C	0xF015C000  	MOVFF       R0, _mesLeds
;can.c,12 :: 		LATC = mesLeds;
0x0060	0xFF8BC000  	MOVFF       R0, LATC
;can.c,13 :: 		Delay_ms(200);
0x0064	0x0E03      	MOVLW       3
0x0066	0x6E0B      	MOVWF       R11, 0
0x0068	0x0E08      	MOVLW       8
0x006A	0x6E0C      	MOVWF       R12, 0
0x006C	0x0E77      	MOVLW       119
0x006E	0x6E0D      	MOVWF       R13, 0
L_decalage_droite2:
0x0070	0x2E0D      	DECFSZ      R13, 1, 0
0x0072	0xD7FE      	BRA         L_decalage_droite2
0x0074	0x2E0C      	DECFSZ      R12, 1, 0
0x0076	0xD7FC      	BRA         L_decalage_droite2
0x0078	0x2E0B      	DECFSZ      R11, 1, 0
0x007A	0xD7FA      	BRA         L_decalage_droite2
;can.c,14 :: 		}
0x007C	0xD7E8      	BRA         L_decalage_droite0
L_decalage_droite1:
;can.c,15 :: 		}
L_end_decalage_droite:
0x007E	0x0012      	RETURN      0
; end of _decalage_droite
___CC2DW:
;__Lib_System.c,21 :: 		
;__Lib_System.c,23 :: 		
_CC2DL_Loop1:
;__Lib_System.c,24 :: 		
0x0080	0x0009      	TBLRD*+
;__Lib_System.c,25 :: 		
0x0082	0xFFE6CFF5  	MOVFF       TABLAT, POSTINC1
;__Lib_System.c,26 :: 		
0x0086	0x0600      	DECF        R0, 1, 0
;__Lib_System.c,27 :: 		
0x0088	0xE1FB      	BNZ         _CC2DL_Loop1
;__Lib_System.c,28 :: 		
0x008A	0x0601      	DECF        R1, 1, 0
;__Lib_System.c,29 :: 		
0x008C	0xE1F9      	BNZ         _CC2DL_Loop1
;__Lib_System.c,31 :: 		
L_end___CC2DW:
0x008E	0x0012      	RETURN      0
; end of ___CC2DW
_main:
0x0090	0x6A15      	CLRF        _mesLeds 
0x0092	0x6A16      	CLRF        _sens 
0x0094	0x6A17      	CLRF        23 
;can.c,25 :: 		void main() {
;can.c,27 :: 		TRISC = 0;  // Initialisation du registre de direction du PORT(B) en SORTIE digitale
0x0096	0x6A94      	CLRF        TRISC 
;can.c,28 :: 		LATC = 0; // Initialisation des bits du PORT(B) a l'etat BAS
0x0098	0x6A8B      	CLRF        LATC 
;can.c,29 :: 		mesLeds = 1; // Initialisation de l'etat initiale de la chenille
0x009A	0x0E01      	MOVLW       1
0x009C	0x6E15      	MOVWF       _mesLeds 
;can.c,30 :: 		LATC = mesLeds; // Initialisation de l'etat du PORT(B) a la variable "mesLeds"
0x009E	0x0E01      	MOVLW       1
0x00A0	0x6E8B      	MOVWF       LATC 
;can.c,33 :: 		while(1) {
L_main6:
;can.c,35 :: 		if (sens == TRUE) { // Si sens est a 1 on decale a gauche
0x00A2	0x0E00      	MOVLW       0
0x00A4	0x1817      	XORWF       _sens+1, 0 
0x00A6	0xE102      	BNZ         L__main13
0x00A8	0x0E01      	MOVLW       1
0x00AA	0x1816      	XORWF       _sens, 0 
L__main13:
0x00AC	0xE104      	BNZ         L_main8
;can.c,36 :: 		decalage_gauche();
0x00AE	0xDFB6      	RCALL       _decalage_gauche
;can.c,37 :: 		sens = FALSE;
0x00B0	0x6A16      	CLRF        _sens 
0x00B2	0x6A17      	CLRF        _sens+1 
;can.c,38 :: 		}
0x00B4	0xD005      	BRA         L_main9
L_main8:
;can.c,40 :: 		decalage_droite();
0x00B6	0xDFCB      	RCALL       _decalage_droite
;can.c,41 :: 		sens = TRUE;
0x00B8	0x0E01      	MOVLW       1
0x00BA	0x6E16      	MOVWF       _sens 
0x00BC	0x0E00      	MOVLW       0
0x00BE	0x6E17      	MOVWF       _sens+1 
;can.c,42 :: 		}
L_main9:
;can.c,44 :: 		}
0x00C0	0xD7F0      	BRA         L_main6
;can.c,45 :: 		}
L_end_main:
0x00C2	0xD7FF      	BRA         $+0
; end of _main
Symbol List:
//** Routines locations **
//ADDRESS    SIZE    PROCEDURE
//----------------------------------------------
0x001C      [50]    _decalage_gauche
0x004E      [50]    _decalage_droite
0x0080      [16]    ___CC2DW
0x0090      [52]    _main
//** Variables locations ** 
//ADDRESS    SIZE    VARIABLE
//----------------------------------------------
0x0000       [1]    R0
0x0001       [1]    R1
0x0002       [1]    R2
0x0003       [1]    R3
0x0004       [1]    R4
0x0005       [1]    R5
0x0006       [1]    R6
0x0007       [1]    R7
0x0008       [1]    R8
0x0009       [1]    R9
0x000A       [1]    R10
0x000B       [1]    R11
0x000C       [1]    R12
0x000D       [1]    R13
0x000E       [1]    R14
0x000F       [1]    R15
0x0010       [1]    R16
0x0011       [1]    R17
0x0012       [1]    R18
0x0013       [1]    R19
0x0014       [1]    R20
0x0015       [1]    _mesLeds
0x0016       [2]    _sens
0x0F8B       [1]    LATC
0x0F94       [1]    TRISC
0x0FD8       [1]    STATUS
0x0FD9       [1]    FSR2L
0x0FDA       [1]    FSR2H
0x0FDE       [1]    POSTINC2
0x0FE0       [1]    BSR
0x0FE1       [1]    FSR1L
0x0FE2       [1]    FSR1H
0x0FE4       [1]    PREINC1
0x0FE6       [1]    POSTINC1
0x0FE7       [1]    INDF1
0x0FE8       [1]    WREG
0x0FE9       [1]    FSR0L
0x0FEA       [1]    FSR0H
0x0FEE       [1]    POSTINC0
0x0FF3       [1]    PRODL
0x0FF4       [1]    PRODH
0x0FF5       [1]    TABLAT
0x0FF6       [1]    TBLPTRL
0x0FF7       [1]    TBLPTRH
0x0FF8       [1]    TBLPTRU
