;  LST file generated by mikroListExporter - v.2.0 
; Date/Time: 17-02-20 01:49:45
;----------------------------------------------

;Address Opcode 	ASM
0x0000	0xF004EF54  	GOTO        2216
0x0004	0x0000      	NOP
0x0006	0x0000      	NOP
0x0008	0xF000EF00  	GOTO        0
0x000C	0x0000      	NOP
0x000E	0x0000      	NOP
0x0010	0x0000      	NOP
0x0012	0x0000      	NOP
0x0014	0x0000      	NOP
0x0016	0x0000      	NOP
0x0018	0xD7F3      	BRA         0
_Delay_1us:
;__Lib_Delays.c,7 :: 		void Delay_1us() {
;__Lib_Delays.c,8 :: 		Delay_us(1);
0x001C	0x0000      	NOP
0x001E	0x0000      	NOP
;__Lib_Delays.c,9 :: 		}
L_end_Delay_1us:
0x0020	0x0012      	RETURN      0
; end of _Delay_1us
_Delay_5500us:
;__Lib_Delays.c,31 :: 		void Delay_5500us() {
;__Lib_Delays.c,32 :: 		Delay_us(5500);
0x0022	0x0E0F      	MOVLW       15
0x0024	0x6E0C      	MOVWF       R12, 0
0x0026	0x0E47      	MOVLW       71
0x0028	0x6E0D      	MOVWF       R13, 0
L_Delay_5500us5:
0x002A	0x2E0D      	DECFSZ      R13, 1, 0
0x002C	0xD7FE      	BRA         L_Delay_5500us5
0x002E	0x2E0C      	DECFSZ      R12, 1, 0
0x0030	0xD7FC      	BRA         L_Delay_5500us5
0x0032	0x0000      	NOP
0x0034	0x0000      	NOP
;__Lib_Delays.c,33 :: 		}
L_end_Delay_5500us:
0x0036	0x0012      	RETURN      0
; end of _Delay_5500us
_Delay_50us:
;__Lib_Delays.c,19 :: 		void Delay_50us() {
;__Lib_Delays.c,20 :: 		Delay_us(50);
0x0038	0x0E21      	MOVLW       33
0x003A	0x6E0D      	MOVWF       R13, 0
L_Delay_50us2:
0x003C	0x2E0D      	DECFSZ      R13, 1, 0
0x003E	0xD7FE      	BRA         L_Delay_50us2
;__Lib_Delays.c,21 :: 		}
L_end_Delay_50us:
0x0040	0x0012      	RETURN      0
; end of _Delay_50us
_Lcd_Cmd:
;__Lib_Lcd.c,18 :: 		
;__Lib_Lcd.c,20 :: 		
0x0042	0x0103      	MOVLB       3
0x0044	0xBF55      	BTFSC       FARG_Lcd_Cmd_out_char, 7, 1
0x0046	0xD002      	BRA         L__Lcd_Cmd21
0x0048	0x9681      	BCF         LCD_D7, BitPos(LCD_D7+0) 
0x004A	0xD001      	BRA         L__Lcd_Cmd22
L__Lcd_Cmd21:
0x004C	0x8681      	BSF         LCD_D7, BitPos(LCD_D7+0) 
L__Lcd_Cmd22:
;__Lib_Lcd.c,21 :: 		
0x004E	0xBD55      	BTFSC       FARG_Lcd_Cmd_out_char, 6, 1
0x0050	0xD002      	BRA         L__Lcd_Cmd23
0x0052	0x9481      	BCF         LCD_D6, BitPos(LCD_D6+0) 
0x0054	0xD001      	BRA         L__Lcd_Cmd24
L__Lcd_Cmd23:
0x0056	0x8481      	BSF         LCD_D6, BitPos(LCD_D6+0) 
L__Lcd_Cmd24:
;__Lib_Lcd.c,22 :: 		
0x0058	0xBB55      	BTFSC       FARG_Lcd_Cmd_out_char, 5, 1
0x005A	0xD002      	BRA         L__Lcd_Cmd25
0x005C	0x9281      	BCF         LCD_D5, BitPos(LCD_D5+0) 
0x005E	0xD001      	BRA         L__Lcd_Cmd26
L__Lcd_Cmd25:
0x0060	0x8281      	BSF         LCD_D5, BitPos(LCD_D5+0) 
L__Lcd_Cmd26:
;__Lib_Lcd.c,23 :: 		
0x0062	0xB955      	BTFSC       FARG_Lcd_Cmd_out_char, 4, 1
0x0064	0xD002      	BRA         L__Lcd_Cmd27
0x0066	0x9081      	BCF         LCD_D4, BitPos(LCD_D4+0) 
0x0068	0xD001      	BRA         L__Lcd_Cmd28
L__Lcd_Cmd27:
0x006A	0x8081      	BSF         LCD_D4, BitPos(LCD_D4+0) 
L__Lcd_Cmd28:
;__Lib_Lcd.c,25 :: 		
0x006C	0x0102      	MOVLB       2
0x006E	0xB142      	BTFSC       __Lib_Lcd_cmd_status, BitPos(__Lib_Lcd_cmd_status+0), 1
0x0070	0xD002      	BRA         L__Lcd_Cmd29
0x0072	0x8881      	BSF         LCD_RS, BitPos(LCD_RS+0) 
0x0074	0xD001      	BRA         L__Lcd_Cmd30
L__Lcd_Cmd29:
0x0076	0x9881      	BCF         LCD_RS, BitPos(LCD_RS+0) 
L__Lcd_Cmd30:
;__Lib_Lcd.c,28 :: 		
0x0078	0x8A81      	BSF         LCD_EN, BitPos(LCD_EN+0) 
;__Lib_Lcd.c,29 :: 		
0x007A	0xDFD0      	RCALL       _Delay_1us
;__Lib_Lcd.c,30 :: 		
0x007C	0x9A81      	BCF         LCD_EN, BitPos(LCD_EN+0) 
;__Lib_Lcd.c,33 :: 		
0x007E	0x0103      	MOVLB       3
0x0080	0xB755      	BTFSC       FARG_Lcd_Cmd_out_char, 3, 1
0x0082	0xD002      	BRA         L__Lcd_Cmd31
0x0084	0x9681      	BCF         LCD_D7, BitPos(LCD_D7+0) 
0x0086	0xD001      	BRA         L__Lcd_Cmd32
L__Lcd_Cmd31:
0x0088	0x8681      	BSF         LCD_D7, BitPos(LCD_D7+0) 
L__Lcd_Cmd32:
;__Lib_Lcd.c,34 :: 		
0x008A	0xB555      	BTFSC       FARG_Lcd_Cmd_out_char, 2, 1
0x008C	0xD002      	BRA         L__Lcd_Cmd33
0x008E	0x9481      	BCF         LCD_D6, BitPos(LCD_D6+0) 
0x0090	0xD001      	BRA         L__Lcd_Cmd34
L__Lcd_Cmd33:
0x0092	0x8481      	BSF         LCD_D6, BitPos(LCD_D6+0) 
L__Lcd_Cmd34:
;__Lib_Lcd.c,35 :: 		
0x0094	0xB355      	BTFSC       FARG_Lcd_Cmd_out_char, 1, 1
0x0096	0xD002      	BRA         L__Lcd_Cmd35
0x0098	0x9281      	BCF         LCD_D5, BitPos(LCD_D5+0) 
0x009A	0xD001      	BRA         L__Lcd_Cmd36
L__Lcd_Cmd35:
0x009C	0x8281      	BSF         LCD_D5, BitPos(LCD_D5+0) 
L__Lcd_Cmd36:
;__Lib_Lcd.c,36 :: 		
0x009E	0xB155      	BTFSC       FARG_Lcd_Cmd_out_char, 0, 1
0x00A0	0xD002      	BRA         L__Lcd_Cmd37
0x00A2	0x9081      	BCF         LCD_D4, BitPos(LCD_D4+0) 
0x00A4	0xD001      	BRA         L__Lcd_Cmd38
L__Lcd_Cmd37:
0x00A6	0x8081      	BSF         LCD_D4, BitPos(LCD_D4+0) 
L__Lcd_Cmd38:
;__Lib_Lcd.c,38 :: 		
0x00A8	0x0102      	MOVLB       2
0x00AA	0xB142      	BTFSC       __Lib_Lcd_cmd_status, BitPos(__Lib_Lcd_cmd_status+0), 1
0x00AC	0xD002      	BRA         L__Lcd_Cmd39
0x00AE	0x8881      	BSF         LCD_RS, BitPos(LCD_RS+0) 
0x00B0	0xD001      	BRA         L__Lcd_Cmd40
L__Lcd_Cmd39:
0x00B2	0x9881      	BCF         LCD_RS, BitPos(LCD_RS+0) 
L__Lcd_Cmd40:
;__Lib_Lcd.c,40 :: 		
0x00B4	0x8A81      	BSF         LCD_EN, BitPos(LCD_EN+0) 
;__Lib_Lcd.c,41 :: 		
0x00B6	0xDFB2      	RCALL       _Delay_1us
;__Lib_Lcd.c,42 :: 		
0x00B8	0x9A81      	BCF         LCD_EN, BitPos(LCD_EN+0) 
;__Lib_Lcd.c,44 :: 		
0x00BA	0xA142      	BTFSS       __Lib_Lcd_cmd_status, BitPos(__Lib_Lcd_cmd_status+0), 1
0x00BC	0xD002      	BRA         L_Lcd_Cmd0
;__Lib_Lcd.c,45 :: 		
0x00BE	0xDFB1      	RCALL       _Delay_5500us
0x00C0	0xD001      	BRA         L_Lcd_Cmd1
L_Lcd_Cmd0:
;__Lib_Lcd.c,47 :: 		
0x00C2	0xDFBA      	RCALL       _Delay_50us
L_Lcd_Cmd1:
;__Lib_Lcd.c,48 :: 		
L_end_Lcd_Cmd:
0x00C4	0x0012      	RETURN      0
; end of _Lcd_Cmd
_Div_16X16_U:
;__Lib_Math.c,102 :: 		
;__Lib_Math.c,109 :: 		
0x00C6	0x6A08      	CLRF        R8, 0
;__Lib_Math.c,110 :: 		
0x00C8	0x6A09      	CLRF        R9, 0
;__Lib_Math.c,111 :: 		
0x00CA	0x0E10      	MOVLW       16
;__Lib_Math.c,112 :: 		
0x00CC	0x6E0C      	MOVWF       R12, 0
;__Lib_Math.c,113 :: 		
0x00CE	0x3401      	RLCF        R1, 0, 0
;__Lib_Math.c,114 :: 		
0x00D0	0x3608      	RLCF        R8, 1, 0
;__Lib_Math.c,115 :: 		
0x00D2	0x3609      	RLCF        R9, 1, 0
;__Lib_Math.c,116 :: 		
0x00D4	0x5004      	MOVF        R4, 0, 0
;__Lib_Math.c,117 :: 		
0x00D6	0x5E08      	SUBWF       R8, 1, 0
;__Lib_Math.c,118 :: 		
0x00D8	0x5005      	MOVF        R5, 0, 0
;__Lib_Math.c,119 :: 		
0x00DA	0xA0D8      	BTFSS       STATUS, 0, 0
;__Lib_Math.c,120 :: 		
0x00DC	0x3C05      	INCFSZ      R5, 0, 0
;__Lib_Math.c,121 :: 		
0x00DE	0x5E09      	SUBWF       R9, 1, 0
;__Lib_Math.c,122 :: 		
0x00E0	0xB0D8      	BTFSC       STATUS, 0, 0
;__Lib_Math.c,123 :: 		
0x00E2	0xD007      	BRA         $+16
;__Lib_Math.c,124 :: 		
0x00E4	0x5004      	MOVF        R4, 0, 0
;__Lib_Math.c,125 :: 		
0x00E6	0x2608      	ADDWF       R8, 1, 0
;__Lib_Math.c,126 :: 		
0x00E8	0x5005      	MOVF        R5, 0, 0
;__Lib_Math.c,127 :: 		
0x00EA	0xB0D8      	BTFSC       STATUS, 0, 0
;__Lib_Math.c,128 :: 		
0x00EC	0x3C05      	INCFSZ      R5, 0, 0
;__Lib_Math.c,129 :: 		
0x00EE	0x2609      	ADDWF       R9, 1, 0
;__Lib_Math.c,130 :: 		
0x00F0	0x90D8      	BCF         STATUS, 0, 0
;__Lib_Math.c,131 :: 		
0x00F2	0x3600      	RLCF        R0, 1, 0
;__Lib_Math.c,132 :: 		
0x00F4	0x3601      	RLCF        R1, 1, 0
;__Lib_Math.c,133 :: 		
0x00F6	0x2E0C      	DECFSZ      R12, 1, 0
;__Lib_Math.c,134 :: 		
0x00F8	0xD7EA      	BRA         $-42
;__Lib_Math.c,136 :: 		
L_end_Div_16X16_U:
0x00FA	0x0012      	RETURN      0
; end of _Div_16X16_U
_Lcd_Chr_CP:
;__Lib_Lcd.c,50 :: 		
;__Lib_Lcd.c,52 :: 		
0x00FC	0x0102      	MOVLB       2
0x00FE	0x9142      	BCF         __Lib_Lcd_cmd_status, BitPos(__Lib_Lcd_cmd_status+0), 1
;__Lib_Lcd.c,53 :: 		
0x0100	0xF355C354  	MOVFF       FARG_Lcd_Chr_CP_out_char, FARG_Lcd_Cmd_out_char
0x0104	0xDF9E      	RCALL       _Lcd_Cmd
;__Lib_Lcd.c,54 :: 		
0x0106	0x8142      	BSF         __Lib_Lcd_cmd_status, BitPos(__Lib_Lcd_cmd_status+0), 1
;__Lib_Lcd.c,55 :: 		
L_end_Lcd_Chr_CP:
0x0108	0x0012      	RETURN      0
; end of _Lcd_Chr_CP
_Delay_22us:
;__Lib_Delays.c,15 :: 		void Delay_22us() {
;__Lib_Delays.c,16 :: 		Delay_us(22);
0x010A	0x0E0E      	MOVLW       14
0x010C	0x6E0D      	MOVWF       R13, 0
L_Delay_22us1:
0x010E	0x2E0D      	DECFSZ      R13, 1, 0
0x0110	0xD7FE      	BRA         L_Delay_22us1
0x0112	0x0000      	NOP
;__Lib_Delays.c,17 :: 		}
L_end_Delay_22us:
0x0114	0x0012      	RETURN      0
; end of _Delay_22us
_Delay_500us:
;__Lib_Delays.c,27 :: 		void Delay_500us() {
;__Lib_Delays.c,28 :: 		Delay_us(498);
0x0116	0x0E02      	MOVLW       2
0x0118	0x6E0C      	MOVWF       R12, 0
0x011A	0x0E49      	MOVLW       73
0x011C	0x6E0D      	MOVWF       R13, 0
L_Delay_500us4:
0x011E	0x2E0D      	DECFSZ      R13, 1, 0
0x0120	0xD7FE      	BRA         L_Delay_500us4
0x0122	0x2E0C      	DECFSZ      R12, 1, 0
0x0124	0xD7FC      	BRA         L_Delay_500us4
0x0126	0x0000      	NOP
0x0128	0x0000      	NOP
;__Lib_Delays.c,29 :: 		}
L_end_Delay_500us:
0x012A	0x0012      	RETURN      0
; end of _Delay_500us
_WordToStr:
;__Lib_Conversions.c,98 :: 		
;__Lib_Conversions.c,103 :: 		
0x012C	0x0103      	MOVLB       3
0x012E	0x6B51      	CLRF        WordToStr_len_L0, 1
L_WordToStr11:
0x0130	0x0E05      	MOVLW       5
0x0132	0x5D51      	SUBWF       WordToStr_len_L0, 0, 1
0x0134	0xE20A      	BC          L_WordToStr12
;__Lib_Conversions.c,104 :: 		
0x0136	0x5151      	MOVF        WordToStr_len_L0, 0, 1
0x0138	0x254F      	ADDWF       FARG_WordToStr_output, 0, 1
0x013A	0x6EE1      	MOVWF       FSR1L 
0x013C	0x0E00      	MOVLW       0
0x013E	0x2150      	ADDWFC      FARG_WordToStr_output+1, 0, 1
0x0140	0x6EE2      	MOVWF       FSR1H 
0x0142	0x0E20      	MOVLW       32
0x0144	0x6EE6      	MOVWF       POSTINC1 
;__Lib_Conversions.c,103 :: 		
0x0146	0x2B51      	INCF        WordToStr_len_L0, 1, 1
;__Lib_Conversions.c,104 :: 		
0x0148	0xD7F3      	BRA         L_WordToStr11
L_WordToStr12:
;__Lib_Conversions.c,105 :: 		
0x014A	0x5151      	MOVF        WordToStr_len_L0, 0, 1
0x014C	0x254F      	ADDWF       FARG_WordToStr_output, 0, 1
0x014E	0x6EE1      	MOVWF       FSR1L 
0x0150	0x0E00      	MOVLW       0
0x0152	0x2150      	ADDWFC      FARG_WordToStr_output+1, 0, 1
0x0154	0x6EE2      	MOVWF       FSR1H 
0x0156	0x6AE6      	CLRF        POSTINC1 
0x0158	0x0751      	DECF        WordToStr_len_L0, 1, 1
;__Lib_Conversions.c,107 :: 		
L_WordToStr14:
;__Lib_Conversions.c,108 :: 		
0x015A	0x5151      	MOVF        WordToStr_len_L0, 0, 1
0x015C	0x254F      	ADDWF       FARG_WordToStr_output, 0, 1
0x015E	0x6F52      	MOVWF       FLOC__WordToStr, 1
0x0160	0x0E00      	MOVLW       0
0x0162	0x2150      	ADDWFC      FARG_WordToStr_output+1, 0, 1
0x0164	0x6F53      	MOVWF       FLOC__WordToStr+1, 1
0x0166	0x0E0A      	MOVLW       10
0x0168	0x6E04      	MOVWF       R4 
0x016A	0x0E00      	MOVLW       0
0x016C	0x6E05      	MOVWF       R5 
0x016E	0xF000C34D  	MOVFF       FARG_WordToStr_input, R0
0x0172	0xF001C34E  	MOVFF       FARG_WordToStr_input+1, R1
0x0176	0xDFA7      	RCALL       _Div_16X16_U
0x0178	0xF000C008  	MOVFF       R8, R0
0x017C	0xF001C009  	MOVFF       R9, R1
0x0180	0x0E30      	MOVLW       48
0x0182	0x2600      	ADDWF       R0, 1 
0x0184	0xFFE1C352  	MOVFF       FLOC__WordToStr, FSR1L
0x0188	0xFFE2C353  	MOVFF       FLOC__WordToStr+1, FSR1H
0x018C	0xFFE6C000  	MOVFF       R0, POSTINC1
;__Lib_Conversions.c,109 :: 		
0x0190	0x0E0A      	MOVLW       10
0x0192	0x6E04      	MOVWF       R4 
0x0194	0x0E00      	MOVLW       0
0x0196	0x6E05      	MOVWF       R5 
0x0198	0xF000C34D  	MOVFF       FARG_WordToStr_input, R0
0x019C	0xF001C34E  	MOVFF       FARG_WordToStr_input+1, R1
0x01A0	0xDF92      	RCALL       _Div_16X16_U
0x01A2	0xF34DC000  	MOVFF       R0, FARG_WordToStr_input
0x01A6	0xF34EC001  	MOVFF       R1, FARG_WordToStr_input+1
;__Lib_Conversions.c,110 :: 		
0x01AA	0x0E00      	MOVLW       0
0x01AC	0x1801      	XORWF       R1, 0 
0x01AE	0xE102      	BNZ         L__WordToStr159
0x01B0	0x0E00      	MOVLW       0
0x01B2	0x1800      	XORWF       R0, 0 
L__WordToStr159:
0x01B4	0xE101      	BNZ         L_WordToStr16
;__Lib_Conversions.c,111 :: 		
0x01B6	0xD002      	BRA         L_WordToStr15
L_WordToStr16:
;__Lib_Conversions.c,112 :: 		
0x01B8	0x0751      	DECF        WordToStr_len_L0, 1, 1
;__Lib_Conversions.c,113 :: 		
0x01BA	0xD7CF      	BRA         L_WordToStr14
L_WordToStr15:
;__Lib_Conversions.c,114 :: 		
L_end_WordToStr:
0x01BC	0x0012      	RETURN      0
; end of _WordToStr
_Lcd_Out:
;__Lib_Lcd.c,184 :: 		
;__Lib_Lcd.c,187 :: 		
0x01BE	0xD010      	BRA         L_Lcd_Out11
;__Lib_Lcd.c,188 :: 		
L_Lcd_Out13:
0x01C0	0x0E80      	MOVLW       128
0x01C2	0x0103      	MOVLB       3
0x01C4	0x6F4D      	MOVWF       FARG_Lcd_Out_row, 1
0x01C6	0xD01A      	BRA         L_Lcd_Out12
;__Lib_Lcd.c,189 :: 		
L_Lcd_Out14:
0x01C8	0x0EC0      	MOVLW       192
0x01CA	0x6F4D      	MOVWF       FARG_Lcd_Out_row, 1
0x01CC	0xD017      	BRA         L_Lcd_Out12
;__Lib_Lcd.c,190 :: 		
L_Lcd_Out15:
0x01CE	0x0E94      	MOVLW       148
0x01D0	0x6F4D      	MOVWF       FARG_Lcd_Out_row, 1
0x01D2	0xD014      	BRA         L_Lcd_Out12
;__Lib_Lcd.c,191 :: 		
L_Lcd_Out16:
0x01D4	0x0ED4      	MOVLW       212
0x01D6	0x6F4D      	MOVWF       FARG_Lcd_Out_row, 1
0x01D8	0xD011      	BRA         L_Lcd_Out12
;__Lib_Lcd.c,192 :: 		
L_Lcd_Out17:
0x01DA	0x0E80      	MOVLW       128
0x01DC	0x6F4D      	MOVWF       FARG_Lcd_Out_row, 1
;__Lib_Lcd.c,193 :: 		
0x01DE	0xD00E      	BRA         L_Lcd_Out12
L_Lcd_Out11:
0x01E0	0x0103      	MOVLB       3
0x01E2	0x514D      	MOVF        FARG_Lcd_Out_row, 0, 1
0x01E4	0x0A01      	XORLW       1
0x01E6	0xE0EC      	BZ          L_Lcd_Out13
0x01E8	0x514D      	MOVF        FARG_Lcd_Out_row, 0, 1
0x01EA	0x0A02      	XORLW       2
0x01EC	0xE0ED      	BZ          L_Lcd_Out14
0x01EE	0x514D      	MOVF        FARG_Lcd_Out_row, 0, 1
0x01F0	0x0A03      	XORLW       3
0x01F2	0xE0ED      	BZ          L_Lcd_Out15
0x01F4	0x514D      	MOVF        FARG_Lcd_Out_row, 0, 1
0x01F6	0x0A04      	XORLW       4
0x01F8	0xE0ED      	BZ          L_Lcd_Out16
0x01FA	0xD7EF      	BRA         L_Lcd_Out17
L_Lcd_Out12:
;__Lib_Lcd.c,194 :: 		
0x01FC	0x054E      	DECF        FARG_Lcd_Out_column, 0, 1
0x01FE	0x6E00      	MOVWF       R0 
0x0200	0x514D      	MOVF        FARG_Lcd_Out_row, 0, 1
0x0202	0x2600      	ADDWF       R0, 1 
0x0204	0xF34DC000  	MOVFF       R0, FARG_Lcd_Out_row
;__Lib_Lcd.c,196 :: 		
0x0208	0xF355C000  	MOVFF       R0, FARG_Lcd_Cmd_out_char
0x020C	0xDF1A      	RCALL       _Lcd_Cmd
;__Lib_Lcd.c,197 :: 		
0x020E	0x9142      	BCF         __Lib_Lcd_cmd_status, BitPos(__Lib_Lcd_cmd_status+0), 1
;__Lib_Lcd.c,198 :: 		
0x0210	0x0103      	MOVLB       3
0x0212	0x6B51      	CLRF        Lcd_Out_i_L0, 1
;__Lib_Lcd.c,199 :: 		
L_Lcd_Out18:
0x0214	0x5151      	MOVF        Lcd_Out_i_L0, 0, 1
0x0216	0x254F      	ADDWF       FARG_Lcd_Out_text, 0, 1
0x0218	0x6EE9      	MOVWF       FSR0L 
0x021A	0x0E00      	MOVLW       0
0x021C	0x2150      	ADDWFC      FARG_Lcd_Out_text+1, 0, 1
0x021E	0x6EEA      	MOVWF       FSR0H 
0x0220	0x52EE      	MOVF        POSTINC0, 1 
0x0222	0xE00C      	BZ          L_Lcd_Out19
;__Lib_Lcd.c,200 :: 		
0x0224	0x5151      	MOVF        Lcd_Out_i_L0, 0, 1
0x0226	0x254F      	ADDWF       FARG_Lcd_Out_text, 0, 1
0x0228	0x6EE9      	MOVWF       FSR0L 
0x022A	0x0E00      	MOVLW       0
0x022C	0x2150      	ADDWFC      FARG_Lcd_Out_text+1, 0, 1
0x022E	0x6EEA      	MOVWF       FSR0H 
0x0230	0xF354CFEE  	MOVFF       POSTINC0, FARG_Lcd_Chr_CP_out_char
0x0234	0xDF63      	RCALL       _Lcd_Chr_CP
0x0236	0x0103      	MOVLB       3
0x0238	0x2B51      	INCF        Lcd_Out_i_L0, 1, 1
0x023A	0xD7EC      	BRA         L_Lcd_Out18
L_Lcd_Out19:
;__Lib_Lcd.c,201 :: 		
0x023C	0x0102      	MOVLB       2
0x023E	0x8142      	BSF         __Lib_Lcd_cmd_status, BitPos(__Lib_Lcd_cmd_status+0), 1
;__Lib_Lcd.c,202 :: 		
L_end_Lcd_Out:
0x0240	0x0012      	RETURN      0
; end of _Lcd_Out
_update_sign:
;LED_LCD.c,60 :: 		void update_sign(unsigned int a, unsigned int b){
;LED_LCD.c,61 :: 		if (a < b){
0x0242	0x0103      	MOVLB       3
0x0244	0x5146      	MOVF        FARG_update_sign_b+1, 0, 1
0x0246	0x5D44      	SUBWF       FARG_update_sign_a+1, 0, 1
0x0248	0xE102      	BNZ         L__update_sign35
0x024A	0x5145      	MOVF        FARG_update_sign_b, 0, 1
0x024C	0x5D43      	SUBWF       FARG_update_sign_a, 0, 1
L__update_sign35:
0x024E	0xE20A      	BC          L_update_sign16
;LED_LCD.c,62 :: 		Lcd_Out(2, 12, "S<ADC");
0x0250	0x0E02      	MOVLW       2
0x0252	0x6F4D      	MOVWF       FARG_Lcd_Out_row, 1
0x0254	0x0E0C      	MOVLW       12
0x0256	0x6F4E      	MOVWF       FARG_Lcd_Out_column, 1
0x0258	0x0E1B      	MOVLW       ?lstr1_LED_LCD
0x025A	0x6F4F      	MOVWF       FARG_Lcd_Out_text, 1
0x025C	0x0E01      	MOVLW       hi_addr(?lstr1_LED_LCD)
0x025E	0x6F50      	MOVWF       FARG_Lcd_Out_text+1, 1
0x0260	0xDFAE      	RCALL       _Lcd_Out
;LED_LCD.c,63 :: 		}
0x0262	0xD01B      	BRA         L_update_sign17
L_update_sign16:
;LED_LCD.c,65 :: 		if (a > b){
0x0264	0x0103      	MOVLB       3
0x0266	0x5144      	MOVF        FARG_update_sign_a+1, 0, 1
0x0268	0x5D46      	SUBWF       FARG_update_sign_b+1, 0, 1
0x026A	0xE102      	BNZ         L__update_sign36
0x026C	0x5143      	MOVF        FARG_update_sign_a, 0, 1
0x026E	0x5D45      	SUBWF       FARG_update_sign_b, 0, 1
L__update_sign36:
0x0270	0xE20A      	BC          L_update_sign18
;LED_LCD.c,66 :: 		Lcd_Out(2, 12, "S>ADC" );
0x0272	0x0E02      	MOVLW       2
0x0274	0x6F4D      	MOVWF       FARG_Lcd_Out_row, 1
0x0276	0x0E0C      	MOVLW       12
0x0278	0x6F4E      	MOVWF       FARG_Lcd_Out_column, 1
0x027A	0x0E21      	MOVLW       ?lstr2_LED_LCD
0x027C	0x6F4F      	MOVWF       FARG_Lcd_Out_text, 1
0x027E	0x0E01      	MOVLW       hi_addr(?lstr2_LED_LCD)
0x0280	0x6F50      	MOVWF       FARG_Lcd_Out_text+1, 1
0x0282	0xDF9D      	RCALL       _Lcd_Out
;LED_LCD.c,67 :: 		}
0x0284	0xD00A      	BRA         L_update_sign19
L_update_sign18:
;LED_LCD.c,69 :: 		Lcd_Out(2, 12, "S=ADC" );
0x0286	0x0E02      	MOVLW       2
0x0288	0x0103      	MOVLB       3
0x028A	0x6F4D      	MOVWF       FARG_Lcd_Out_row, 1
0x028C	0x0E0C      	MOVLW       12
0x028E	0x6F4E      	MOVWF       FARG_Lcd_Out_column, 1
0x0290	0x0E15      	MOVLW       ?lstr3_LED_LCD
0x0292	0x6F4F      	MOVWF       FARG_Lcd_Out_text, 1
0x0294	0x0E00      	MOVLW       hi_addr(?lstr3_LED_LCD)
0x0296	0x6F50      	MOVWF       FARG_Lcd_Out_text+1, 1
0x0298	0xDF92      	RCALL       _Lcd_Out
;LED_LCD.c,70 :: 		}
L_update_sign19:
;LED_LCD.c,71 :: 		}
L_update_sign17:
;LED_LCD.c,72 :: 		}
L_end_update_sign:
0x029A	0x0012      	RETURN      0
; end of _update_sign
_IntToStr:
;__Lib_Conversions.c,195 :: 		
;__Lib_Conversions.c,201 :: 		
0x029C	0x0103      	MOVLB       3
0x029E	0x6B49      	CLRF        IntToStr_negative_L0, 1
0x02A0	0x6B4A      	CLRF        IntToStr_negative_L0+1, 1
;__Lib_Conversions.c,202 :: 		
0x02A2	0xF34BC343  	MOVFF       FARG_IntToStr_input, IntToStr_inword_L0
0x02A6	0xF34CC344  	MOVFF       FARG_IntToStr_input+1, IntToStr_inword_L0+1
;__Lib_Conversions.c,203 :: 		
0x02AA	0x0E80      	MOVLW       128
0x02AC	0x1944      	XORWF       FARG_IntToStr_input+1, 0, 1
0x02AE	0x6E00      	MOVWF       R0 
0x02B0	0x0E80      	MOVLW       128
0x02B2	0x5C00      	SUBWF       R0, 0 
0x02B4	0xE102      	BNZ         L__IntToStr167
0x02B6	0x0E00      	MOVLW       0
0x02B8	0x5D43      	SUBWF       FARG_IntToStr_input, 0, 1
L__IntToStr167:
0x02BA	0xE20B      	BC          L_IntToStr37
;__Lib_Conversions.c,204 :: 		
0x02BC	0x0E01      	MOVLW       1
0x02BE	0x6F49      	MOVWF       IntToStr_negative_L0, 1
0x02C0	0x0E00      	MOVLW       0
0x02C2	0x6F4A      	MOVWF       IntToStr_negative_L0+1, 1
;__Lib_Conversions.c,205 :: 		
0x02C4	0x5143      	MOVF        FARG_IntToStr_input, 0, 1
0x02C6	0x0800      	SUBLW       0
0x02C8	0x6F4B      	MOVWF       IntToStr_inword_L0, 1
0x02CA	0xF34CC344  	MOVFF       FARG_IntToStr_input+1, IntToStr_inword_L0+1
0x02CE	0x0E00      	MOVLW       0
0x02D0	0x574C      	SUBFWB      IntToStr_inword_L0+1, 1, 1
;__Lib_Conversions.c,206 :: 		
L_IntToStr37:
;__Lib_Conversions.c,207 :: 		
0x02D2	0xF34DC34B  	MOVFF       IntToStr_inword_L0, FARG_WordToStr_input
0x02D6	0xF34EC34C  	MOVFF       IntToStr_inword_L0+1, FARG_WordToStr_input+1
0x02DA	0xF34FC345  	MOVFF       FARG_IntToStr_output, FARG_WordToStr_output
0x02DE	0xF350C346  	MOVFF       FARG_IntToStr_output+1, FARG_WordToStr_output+1
0x02E2	0xDF24      	RCALL       _WordToStr
;__Lib_Conversions.c,209 :: 		
0x02E4	0x0E06      	MOVLW       6
0x02E6	0x6F47      	MOVWF       IntToStr_i_L0, 1
0x02E8	0x0E00      	MOVLW       0
0x02EA	0x6F48      	MOVWF       IntToStr_i_L0+1, 1
;__Lib_Conversions.c,210 :: 		
L_IntToStr38:
0x02EC	0x0E00      	MOVLW       0
0x02EE	0x6E00      	MOVWF       R0 
0x02F0	0x5148      	MOVF        IntToStr_i_L0+1, 0, 1
0x02F2	0x5C00      	SUBWF       R0, 0 
0x02F4	0xE102      	BNZ         L__IntToStr168
0x02F6	0x5147      	MOVF        IntToStr_i_L0, 0, 1
0x02F8	0x0800      	SUBLW       0
L__IntToStr168:
0x02FA	0xE219      	BC          L_IntToStr39
;__Lib_Conversions.c,211 :: 		
0x02FC	0x5147      	MOVF        IntToStr_i_L0, 0, 1
0x02FE	0x2545      	ADDWF       FARG_IntToStr_output, 0, 1
0x0300	0x6EE1      	MOVWF       FSR1L 
0x0302	0x5148      	MOVF        IntToStr_i_L0+1, 0, 1
0x0304	0x2146      	ADDWFC      FARG_IntToStr_output+1, 0, 1
0x0306	0x6EE2      	MOVWF       FSR1H 
0x0308	0x0E01      	MOVLW       1
0x030A	0x5D47      	SUBWF       IntToStr_i_L0, 0, 1
0x030C	0x6E00      	MOVWF       R0 
0x030E	0x0E00      	MOVLW       0
0x0310	0x5948      	SUBWFB      IntToStr_i_L0+1, 0, 1
0x0312	0x6E01      	MOVWF       R1 
0x0314	0x5000      	MOVF        R0, 0 
0x0316	0x2545      	ADDWF       FARG_IntToStr_output, 0, 1
0x0318	0x6EE9      	MOVWF       FSR0L 
0x031A	0x5001      	MOVF        R1, 0 
0x031C	0x2146      	ADDWFC      FARG_IntToStr_output+1, 0, 1
0x031E	0x6EEA      	MOVWF       FSR0H 
0x0320	0xFFE6CFEE  	MOVFF       POSTINC0, POSTINC1
;__Lib_Conversions.c,212 :: 		
0x0324	0x0E01      	MOVLW       1
0x0326	0x5F47      	SUBWF       IntToStr_i_L0, 1, 1
0x0328	0x0E00      	MOVLW       0
0x032A	0x5B48      	SUBWFB      IntToStr_i_L0+1, 1, 1
;__Lib_Conversions.c,213 :: 		
0x032C	0xD7DF      	BRA         L_IntToStr38
L_IntToStr39:
;__Lib_Conversions.c,214 :: 		
0x032E	0xFFE1C345  	MOVFF       FARG_IntToStr_output, FSR1L
0x0332	0xFFE2C346  	MOVFF       FARG_IntToStr_output+1, FSR1H
0x0336	0x0E20      	MOVLW       32
0x0338	0x6EE6      	MOVWF       POSTINC1 
;__Lib_Conversions.c,215 :: 		
0x033A	0x5149      	MOVF        IntToStr_negative_L0, 0, 1
0x033C	0x114A      	IORWF       IntToStr_negative_L0+1, 0, 1
0x033E	0xE01A      	BZ          L_IntToStr40
;__Lib_Conversions.c,216 :: 		
0x0340	0x6B47      	CLRF        IntToStr_i_L0, 1
0x0342	0x6B48      	CLRF        IntToStr_i_L0+1, 1
;__Lib_Conversions.c,217 :: 		
L_IntToStr41:
0x0344	0x5147      	MOVF        IntToStr_i_L0, 0, 1
0x0346	0x2545      	ADDWF       FARG_IntToStr_output, 0, 1
0x0348	0x6EE9      	MOVWF       FSR0L 
0x034A	0x5148      	MOVF        IntToStr_i_L0+1, 0, 1
0x034C	0x2146      	ADDWFC      FARG_IntToStr_output+1, 0, 1
0x034E	0x6EEA      	MOVWF       FSR0H 
0x0350	0x50EE      	MOVF        POSTINC0, 0 
0x0352	0x0A20      	XORLW       32
0x0354	0xE103      	BNZ         L_IntToStr42
0x0356	0x4B47      	INFSNZ      IntToStr_i_L0, 1, 1
0x0358	0x2B48      	INCF        IntToStr_i_L0+1, 1, 1
0x035A	0xD7F4      	BRA         L_IntToStr41
L_IntToStr42:
;__Lib_Conversions.c,218 :: 		
0x035C	0x0E01      	MOVLW       1
0x035E	0x5F47      	SUBWF       IntToStr_i_L0, 1, 1
0x0360	0x0E00      	MOVLW       0
0x0362	0x5B48      	SUBWFB      IntToStr_i_L0+1, 1, 1
;__Lib_Conversions.c,219 :: 		
0x0364	0x5147      	MOVF        IntToStr_i_L0, 0, 1
0x0366	0x2545      	ADDWF       FARG_IntToStr_output, 0, 1
0x0368	0x6EE1      	MOVWF       FSR1L 
0x036A	0x5148      	MOVF        IntToStr_i_L0+1, 0, 1
0x036C	0x2146      	ADDWFC      FARG_IntToStr_output+1, 0, 1
0x036E	0x6EE2      	MOVWF       FSR1H 
0x0370	0x0E2D      	MOVLW       45
0x0372	0x6EE6      	MOVWF       POSTINC1 
L_IntToStr40:
;__Lib_Conversions.c,220 :: 		
L_end_IntToStr:
0x0374	0x0012      	RETURN      0
; end of _IntToStr
_IntToHex:
;__Lib_Conversions.c,25 :: 		
;__Lib_Conversions.c,26 :: 		
0x0376	0xF000C344  	MOVFF       FARG_IntToHex_input+1, R0
0x037A	0x3200      	RRCF        R0, 1 
0x037C	0x9E00      	BCF         R0, 7 
0x037E	0x3200      	RRCF        R0, 1 
0x0380	0x9E00      	BCF         R0, 7 
0x0382	0x3200      	RRCF        R0, 1 
0x0384	0x9E00      	BCF         R0, 7 
0x0386	0x3200      	RRCF        R0, 1 
0x0388	0x9E00      	BCF         R0, 7 
0x038A	0x0EDD      	MOVLW       __Lib_Conversions_Digits
0x038C	0x2400      	ADDWF       R0, 0 
0x038E	0x6EF6      	MOVWF       4086 
0x0390	0x0E0A      	MOVLW       hi_addr(__Lib_Conversions_Digits)
0x0392	0x6EF7      	MOVWF       TBLPTRH 
0x0394	0x0E00      	MOVLW       0
0x0396	0x22F7      	ADDWFC      TBLPTRH, 1 
0x0398	0x0E00      	MOVLW       higher_addr(__Lib_Conversions_Digits)
0x039A	0x6EF8      	MOVWF       TBLPTRU 
0x039C	0x0E00      	MOVLW       0
0x039E	0x22F8      	ADDWFC      TBLPTRU, 1 
0x03A0	0x0009      	TBLRD*+
0x03A2	0xF000CFF5  	MOVFF       TABLAT, R0
0x03A6	0xFFE1C345  	MOVFF       FARG_IntToHex_output, FSR1L
0x03AA	0xFFE2C346  	MOVFF       FARG_IntToHex_output+1, FSR1H
0x03AE	0xFFE6C000  	MOVFF       R0, POSTINC1
;__Lib_Conversions.c,27 :: 		
0x03B2	0x0E01      	MOVLW       1
0x03B4	0x0103      	MOVLB       3
0x03B6	0x2545      	ADDWF       FARG_IntToHex_output, 0, 1
0x03B8	0x6EE1      	MOVWF       FSR1L 
0x03BA	0x0E00      	MOVLW       0
0x03BC	0x2146      	ADDWFC      FARG_IntToHex_output+1, 0, 1
0x03BE	0x6EE2      	MOVWF       FSR1H 
0x03C0	0x0E0F      	MOVLW       15
0x03C2	0x1544      	ANDWF       FARG_IntToHex_input+1, 0, 1
0x03C4	0x6E00      	MOVWF       R0 
0x03C6	0x0EDD      	MOVLW       __Lib_Conversions_Digits
0x03C8	0x2400      	ADDWF       R0, 0 
0x03CA	0x6EF6      	MOVWF       4086 
0x03CC	0x0E0A      	MOVLW       hi_addr(__Lib_Conversions_Digits)
0x03CE	0x6EF7      	MOVWF       TBLPTRH 
0x03D0	0x0E00      	MOVLW       0
0x03D2	0x22F7      	ADDWFC      TBLPTRH, 1 
0x03D4	0x0E00      	MOVLW       higher_addr(__Lib_Conversions_Digits)
0x03D6	0x6EF8      	MOVWF       TBLPTRU 
0x03D8	0x0E00      	MOVLW       0
0x03DA	0x22F8      	ADDWFC      TBLPTRU, 1 
0x03DC	0x0009      	TBLRD*+
0x03DE	0xF000CFF5  	MOVFF       TABLAT, R0
0x03E2	0xFFE6C000  	MOVFF       R0, POSTINC1
;__Lib_Conversions.c,28 :: 		
0x03E6	0x0E02      	MOVLW       2
0x03E8	0x2545      	ADDWF       FARG_IntToHex_output, 0, 1
0x03EA	0x6EE1      	MOVWF       FSR1L 
0x03EC	0x0E00      	MOVLW       0
0x03EE	0x2146      	ADDWFC      FARG_IntToHex_output+1, 0, 1
0x03F0	0x6EE2      	MOVWF       FSR1H 
0x03F2	0xF000C343  	MOVFF       FARG_IntToHex_input, R0
0x03F6	0x3200      	RRCF        R0, 1 
0x03F8	0x9E00      	BCF         R0, 7 
0x03FA	0x3200      	RRCF        R0, 1 
0x03FC	0x9E00      	BCF         R0, 7 
0x03FE	0x3200      	RRCF        R0, 1 
0x0400	0x9E00      	BCF         R0, 7 
0x0402	0x3200      	RRCF        R0, 1 
0x0404	0x9E00      	BCF         R0, 7 
0x0406	0x0EDD      	MOVLW       __Lib_Conversions_Digits
0x0408	0x2400      	ADDWF       R0, 0 
0x040A	0x6EF6      	MOVWF       4086 
0x040C	0x0E0A      	MOVLW       hi_addr(__Lib_Conversions_Digits)
0x040E	0x6EF7      	MOVWF       TBLPTRH 
0x0410	0x0E00      	MOVLW       0
0x0412	0x22F7      	ADDWFC      TBLPTRH, 1 
0x0414	0x0E00      	MOVLW       higher_addr(__Lib_Conversions_Digits)
0x0416	0x6EF8      	MOVWF       TBLPTRU 
0x0418	0x0E00      	MOVLW       0
0x041A	0x22F8      	ADDWFC      TBLPTRU, 1 
0x041C	0x0009      	TBLRD*+
0x041E	0xF000CFF5  	MOVFF       TABLAT, R0
0x0422	0xFFE6C000  	MOVFF       R0, POSTINC1
;__Lib_Conversions.c,29 :: 		
0x0426	0x0E03      	MOVLW       3
0x0428	0x2545      	ADDWF       FARG_IntToHex_output, 0, 1
0x042A	0x6EE1      	MOVWF       FSR1L 
0x042C	0x0E00      	MOVLW       0
0x042E	0x2146      	ADDWFC      FARG_IntToHex_output+1, 0, 1
0x0430	0x6EE2      	MOVWF       FSR1H 
0x0432	0x0E0F      	MOVLW       15
0x0434	0x1543      	ANDWF       FARG_IntToHex_input, 0, 1
0x0436	0x6E00      	MOVWF       R0 
0x0438	0x0EDD      	MOVLW       __Lib_Conversions_Digits
0x043A	0x2400      	ADDWF       R0, 0 
0x043C	0x6EF6      	MOVWF       4086 
0x043E	0x0E0A      	MOVLW       hi_addr(__Lib_Conversions_Digits)
0x0440	0x6EF7      	MOVWF       TBLPTRH 
0x0442	0x0E00      	MOVLW       0
0x0444	0x22F7      	ADDWFC      TBLPTRH, 1 
0x0446	0x0E00      	MOVLW       higher_addr(__Lib_Conversions_Digits)
0x0448	0x6EF8      	MOVWF       TBLPTRU 
0x044A	0x0E00      	MOVLW       0
0x044C	0x22F8      	ADDWFC      TBLPTRU, 1 
0x044E	0x0009      	TBLRD*+
0x0450	0xF000CFF5  	MOVFF       TABLAT, R0
0x0454	0xFFE6C000  	MOVFF       R0, POSTINC1
;__Lib_Conversions.c,30 :: 		
0x0458	0x0E04      	MOVLW       4
0x045A	0x2545      	ADDWF       FARG_IntToHex_output, 0, 1
0x045C	0x6EE1      	MOVWF       FSR1L 
0x045E	0x0E00      	MOVLW       0
0x0460	0x2146      	ADDWFC      FARG_IntToHex_output+1, 0, 1
0x0462	0x6EE2      	MOVWF       FSR1H 
0x0464	0x6AE6      	CLRF        POSTINC1 
;__Lib_Conversions.c,31 :: 		
L_end_IntToHex:
0x0466	0x0012      	RETURN      0
; end of _IntToHex
_ADC_Init:
;__Lib_ADC_K22_B.c,23 :: 		
;__Lib_ADC_K22_B.c,24 :: 		
0x0468	0x0EFF      	MOVLW       _ADC_Get_Sample
0x046A	0x0102      	MOVLB       2
0x046C	0x6F3E      	MOVWF       _ADC_Get_Sample_Ptr, 1
0x046E	0x0EFF      	MOVLW       hi_addr(_ADC_Get_Sample)
0x0470	0x6F3F      	MOVWF       _ADC_Get_Sample_Ptr+1, 1
0x0472	0x0EFF      	MOVLW       FARG_ADC_Get_Sample_channel
0x0474	0x6F40      	MOVWF       _ADC_Get_Sample_Ptr+2, 1
0x0476	0x0EFF      	MOVLW       hi_addr(FARG_ADC_Get_Sample_channel)
0x0478	0x6F41      	MOVWF       _ADC_Get_Sample_Ptr+3, 1
;__Lib_ADC_K22_B.c,26 :: 		
0x047A	0x6AC2      	CLRF        ADCON0 
;__Lib_ADC_K22_B.c,27 :: 		
0x047C	0x1D27      	COMF        _vref_mask, 0, 1
0x047E	0x6E00      	MOVWF       R0 
0x0480	0x5000      	MOVF        R0, 0 
0x0482	0x16C1      	ANDWF       ADCON1, 1 
;__Lib_ADC_K22_B.c,28 :: 		
0x0484	0x0E0F      	MOVLW       15
0x0486	0x12C0      	IORWF       ADCON2, 1 
;__Lib_ADC_K22_B.c,29 :: 		
0x0488	0x8EC0      	BSF         ADCON2, 7 
;__Lib_ADC_K22_B.c,30 :: 		
0x048A	0x80C2      	BSF         ADCON0, 0 
;__Lib_ADC_K22_B.c,31 :: 		
L_end_ADC_Init:
0x048C	0x0012      	RETURN      0
; end of _ADC_Init
_Button:
;__Lib_Button.c,6 :: 		
;__Lib_Button.c,8 :: 		
0x048E	0x0103      	MOVLB       3
0x0490	0x6B49      	CLRF        Button_rslt_L0, 1
;__Lib_Button.c,11 :: 		
0x0492	0xF001C345  	MOVFF       FARG_Button_pin, R1
0x0496	0x0E01      	MOVLW       1
0x0498	0x6E00      	MOVWF       R0 
0x049A	0x5001      	MOVF        R1, 0 
L__Button5:
0x049C	0xE004      	BZ          L__Button6
0x049E	0x3600      	RLCF        R0, 1 
0x04A0	0x9000      	BCF         R0, 0 
0x04A2	0x0FFF      	ADDLW       255
0x04A4	0xD7FB      	BRA         L__Button5
L__Button6:
0x04A6	0xF348C000  	MOVFF       R0, Button_pMask_L0
;__Lib_Button.c,13 :: 		
0x04AA	0xFFE9C343  	MOVFF       FARG_Button_port, FSR0L
0x04AE	0xFFEAC344  	MOVFF       FARG_Button_port+1, FSR0H
0x04B2	0x5000      	MOVF        R0, 0 
0x04B4	0x14EE      	ANDWF       POSTINC0, 0 
0x04B6	0x6E01      	MOVWF       R1 
0x04B8	0x5201      	MOVF        R1, 1 
0x04BA	0x0E01      	MOVLW       1
0x04BC	0xA4D8      	BTFSS       STATUS, 2 
0x04BE	0x0E00      	MOVLW       0
0x04C0	0x6E00      	MOVWF       R0 
0x04C2	0x5147      	MOVF        FARG_Button_active_state, 0, 1
0x04C4	0x1A00      	XORWF       R0, 1 
0x04C6	0xE018      	BZ          L_Button0
;__Lib_Button.c,15 :: 		
L_Button1:
0x04C8	0x5146      	MOVF        FARG_Button_time_ms, 0, 1
0x04CA	0x0800      	SUBLW       0
0x04CC	0xE204      	BC          L_Button2
;__Lib_Button.c,16 :: 		
0x04CE	0xDE23      	RCALL       _Delay_500us
;__Lib_Button.c,17 :: 		
0x04D0	0xDE22      	RCALL       _Delay_500us
;__Lib_Button.c,18 :: 		
0x04D2	0x0746      	DECF        FARG_Button_time_ms, 1, 1
;__Lib_Button.c,19 :: 		
0x04D4	0xD7F9      	BRA         L_Button1
L_Button2:
;__Lib_Button.c,21 :: 		
0x04D6	0xFFE9C343  	MOVFF       FARG_Button_port, FSR0L
0x04DA	0xFFEAC344  	MOVFF       FARG_Button_port+1, FSR0H
0x04DE	0x5148      	MOVF        Button_pMask_L0, 0, 1
0x04E0	0x14EE      	ANDWF       POSTINC0, 0 
0x04E2	0x6E01      	MOVWF       R1 
0x04E4	0x5201      	MOVF        R1, 1 
0x04E6	0x0E01      	MOVLW       1
0x04E8	0xA4D8      	BTFSS       STATUS, 2 
0x04EA	0x0E00      	MOVLW       0
0x04EC	0x6E00      	MOVWF       R0 
0x04EE	0x5147      	MOVF        FARG_Button_active_state, 0, 1
0x04F0	0x1A00      	XORWF       R0, 1 
0x04F2	0xE002      	BZ          L_Button3
;__Lib_Button.c,22 :: 		
0x04F4	0x0EFF      	MOVLW       255
0x04F6	0x6F49      	MOVWF       Button_rslt_L0, 1
L_Button3:
;__Lib_Button.c,23 :: 		
L_Button0:
;__Lib_Button.c,25 :: 		
0x04F8	0xF000C349  	MOVFF       Button_rslt_L0, R0
;__Lib_Button.c,26 :: 		
L_end_Button:
0x04FC	0x0012      	RETURN      0
; end of _Button
_ADC_Read:
;__Lib_ADC_K22_B.c,70 :: 		
;__Lib_ADC_K22_B.c,73 :: 		
0x04FE	0x6AC2      	CLRF        ADCON0 
;__Lib_ADC_K22_B.c,74 :: 		
0x0500	0x0102      	MOVLB       2
0x0502	0x1D27      	COMF        _vref_mask, 0, 1
0x0504	0x6E00      	MOVWF       R0 
0x0506	0x5000      	MOVF        R0, 0 
0x0508	0x16C1      	ANDWF       ADCON1, 1 
;__Lib_ADC_K22_B.c,75 :: 		
0x050A	0x0E0F      	MOVLW       15
0x050C	0x12C0      	IORWF       ADCON2, 1 
;__Lib_ADC_K22_B.c,76 :: 		
0x050E	0x8EC0      	BSF         ADCON2, 7 
;__Lib_ADC_K22_B.c,77 :: 		
0x0510	0xF000C343  	MOVFF       FARG_ADC_Read_channel, R0
0x0514	0x3600      	RLCF        R0, 1 
0x0516	0x9000      	BCF         R0, 0 
0x0518	0x3600      	RLCF        R0, 1 
0x051A	0x9000      	BCF         R0, 0 
0x051C	0x5000      	MOVF        R0, 0 
0x051E	0x12C2      	IORWF       ADCON0, 1 
;__Lib_ADC_K22_B.c,78 :: 		
0x0520	0x80C2      	BSF         ADCON0, 0 
;__Lib_ADC_K22_B.c,79 :: 		
0x0522	0xDDF3      	RCALL       _Delay_22us
;__Lib_ADC_K22_B.c,80 :: 		
0x0524	0x82C2      	BSF         ADCON0, 1 
;__Lib_ADC_K22_B.c,81 :: 		
L_ADC_Read7:
0x0526	0xA2C2      	BTFSS       ADCON0, 1 
0x0528	0xD001      	BRA         L_ADC_Read8
;__Lib_ADC_K22_B.c,82 :: 		
0x052A	0xD7FD      	BRA         L_ADC_Read7
L_ADC_Read8:
;__Lib_ADC_K22_B.c,83 :: 		
0x052C	0xF001CFC4  	MOVFF       ADRESH, R1
0x0530	0x6A00      	CLRF        R0 
0x0532	0xF344C000  	MOVFF       R0, ADC_Read_rslt_L0
0x0536	0xF345C001  	MOVFF       R1, ADC_Read_rslt_L0+1
;__Lib_ADC_K22_B.c,84 :: 		
0x053A	0x50C3      	MOVF        ADRESL, 0 
0x053C	0x1200      	IORWF       R0, 1 
0x053E	0x0E00      	MOVLW       0
0x0540	0x1201      	IORWF       R1, 1 
0x0542	0xF344C000  	MOVFF       R0, ADC_Read_rslt_L0
0x0546	0xF345C001  	MOVFF       R1, ADC_Read_rslt_L0+1
;__Lib_ADC_K22_B.c,85 :: 		
0x054A	0x90C2      	BCF         ADCON0, 0 
;__Lib_ADC_K22_B.c,86 :: 		
0x054C	0x0E00      	MOVLW       0
0x054E	0x1400      	ANDWF       R0, 0 
0x0550	0x6E02      	MOVWF       R2 
0x0552	0x5001      	MOVF        R1, 0 
0x0554	0x0B80      	ANDLW       128
0x0556	0x6E03      	MOVWF       R3 
0x0558	0x0E00      	MOVLW       0
0x055A	0x1803      	XORWF       R3, 0 
0x055C	0xE102      	BNZ         L__ADC_Read15
0x055E	0x0E00      	MOVLW       0
0x0560	0x1802      	XORWF       R2, 0 
L__ADC_Read15:
0x0562	0xE003      	BZ          L_ADC_Read9
;__Lib_ADC_K22_B.c,87 :: 		
0x0564	0x0103      	MOVLB       3
0x0566	0x6B44      	CLRF        ADC_Read_rslt_L0, 1
0x0568	0x6B45      	CLRF        ADC_Read_rslt_L0+1, 1
L_ADC_Read9:
;__Lib_ADC_K22_B.c,88 :: 		
0x056A	0xF000C344  	MOVFF       ADC_Read_rslt_L0, R0
0x056E	0xF001C345  	MOVFF       ADC_Read_rslt_L0+1, R1
;__Lib_ADC_K22_B.c,89 :: 		
L_end_ADC_Read:
0x0572	0x0012      	RETURN      0
; end of _ADC_Read
_Lcd_Init:
;__Lib_Lcd.c,84 :: 		
;__Lib_Lcd.c,86 :: 		
0x0574	0x9A93      	BCF         LCD_EN_Direction, BitPos(LCD_EN_Direction+0) 
;__Lib_Lcd.c,87 :: 		
0x0576	0x9893      	BCF         LCD_RS_Direction, BitPos(LCD_RS_Direction+0) 
;__Lib_Lcd.c,88 :: 		
0x0578	0x9093      	BCF         LCD_D4_Direction, BitPos(LCD_D4_Direction+0) 
;__Lib_Lcd.c,89 :: 		
0x057A	0x9293      	BCF         LCD_D5_Direction, BitPos(LCD_D5_Direction+0) 
;__Lib_Lcd.c,90 :: 		
0x057C	0x9493      	BCF         LCD_D6_Direction, BitPos(LCD_D6_Direction+0) 
;__Lib_Lcd.c,91 :: 		
0x057E	0x9693      	BCF         LCD_D7_Direction, BitPos(LCD_D7_Direction+0) 
;__Lib_Lcd.c,93 :: 		
0x0580	0x9A81      	BCF         LCD_EN, BitPos(LCD_EN+0) 
;__Lib_Lcd.c,94 :: 		
0x0582	0x9881      	BCF         LCD_RS, BitPos(LCD_RS+0) 
;__Lib_Lcd.c,95 :: 		
0x0584	0x9681      	BCF         LCD_D7, BitPos(LCD_D7+0) 
;__Lib_Lcd.c,96 :: 		
0x0586	0x9481      	BCF         LCD_D6, BitPos(LCD_D6+0) 
;__Lib_Lcd.c,97 :: 		
0x0588	0x9281      	BCF         LCD_D5, BitPos(LCD_D5+0) 
;__Lib_Lcd.c,98 :: 		
0x058A	0x9081      	BCF         LCD_D4, BitPos(LCD_D4+0) 
;__Lib_Lcd.c,100 :: 		
0x058C	0xDD4A      	RCALL       _Delay_5500us
;__Lib_Lcd.c,101 :: 		
0x058E	0xDD49      	RCALL       _Delay_5500us
;__Lib_Lcd.c,102 :: 		
0x0590	0xDD48      	RCALL       _Delay_5500us
;__Lib_Lcd.c,105 :: 		
0x0592	0x8281      	BSF         LCD_D5, BitPos(LCD_D5+0) 
;__Lib_Lcd.c,106 :: 		
0x0594	0x8081      	BSF         LCD_D4, BitPos(LCD_D4+0) 
;__Lib_Lcd.c,107 :: 		
0x0596	0x8A81      	BSF         LCD_EN, BitPos(LCD_EN+0) 
;__Lib_Lcd.c,108 :: 		
0x0598	0xDD41      	RCALL       _Delay_1us
;__Lib_Lcd.c,109 :: 		
0x059A	0x9A81      	BCF         LCD_EN, BitPos(LCD_EN+0) 
;__Lib_Lcd.c,110 :: 		
0x059C	0xDD42      	RCALL       _Delay_5500us
;__Lib_Lcd.c,112 :: 		
0x059E	0x8A81      	BSF         LCD_EN, BitPos(LCD_EN+0) 
;__Lib_Lcd.c,113 :: 		
0x05A0	0xDD3D      	RCALL       _Delay_1us
;__Lib_Lcd.c,114 :: 		
0x05A2	0x9A81      	BCF         LCD_EN, BitPos(LCD_EN+0) 
;__Lib_Lcd.c,115 :: 		
0x05A4	0xDD3E      	RCALL       _Delay_5500us
;__Lib_Lcd.c,117 :: 		
0x05A6	0x8A81      	BSF         LCD_EN, BitPos(LCD_EN+0) 
;__Lib_Lcd.c,118 :: 		
0x05A8	0xDD39      	RCALL       _Delay_1us
;__Lib_Lcd.c,119 :: 		
0x05AA	0x9A81      	BCF         LCD_EN, BitPos(LCD_EN+0) 
;__Lib_Lcd.c,120 :: 		
0x05AC	0xDD3A      	RCALL       _Delay_5500us
;__Lib_Lcd.c,123 :: 		
0x05AE	0x9081      	BCF         LCD_D4, BitPos(LCD_D4+0) 
;__Lib_Lcd.c,124 :: 		
0x05B0	0x8A81      	BSF         LCD_EN, BitPos(LCD_EN+0) 
;__Lib_Lcd.c,125 :: 		
0x05B2	0xDD34      	RCALL       _Delay_1us
;__Lib_Lcd.c,126 :: 		
0x05B4	0x9A81      	BCF         LCD_EN, BitPos(LCD_EN+0) 
;__Lib_Lcd.c,127 :: 		
0x05B6	0xDD35      	RCALL       _Delay_5500us
;__Lib_Lcd.c,130 :: 		
0x05B8	0x8A81      	BSF         LCD_EN, BitPos(LCD_EN+0) 
;__Lib_Lcd.c,131 :: 		
0x05BA	0xDD30      	RCALL       _Delay_1us
;__Lib_Lcd.c,132 :: 		
0x05BC	0x9A81      	BCF         LCD_EN, BitPos(LCD_EN+0) 
;__Lib_Lcd.c,134 :: 		
0x05BE	0x9281      	BCF         LCD_D5, BitPos(LCD_D5+0) 
;__Lib_Lcd.c,135 :: 		
0x05C0	0x8681      	BSF         LCD_D7, BitPos(LCD_D7+0) 
;__Lib_Lcd.c,136 :: 		
0x05C2	0x8A81      	BSF         LCD_EN, BitPos(LCD_EN+0) 
;__Lib_Lcd.c,137 :: 		
0x05C4	0xDD2B      	RCALL       _Delay_1us
;__Lib_Lcd.c,138 :: 		
0x05C6	0x9A81      	BCF         LCD_EN, BitPos(LCD_EN+0) 
;__Lib_Lcd.c,139 :: 		
0x05C8	0xDD2C      	RCALL       _Delay_5500us
;__Lib_Lcd.c,142 :: 		
0x05CA	0x9681      	BCF         LCD_D7, BitPos(LCD_D7+0) 
;__Lib_Lcd.c,143 :: 		
0x05CC	0x8081      	BSF         LCD_D4, BitPos(LCD_D4+0) 
;__Lib_Lcd.c,144 :: 		
0x05CE	0x8A81      	BSF         LCD_EN, BitPos(LCD_EN+0) 
;__Lib_Lcd.c,145 :: 		
0x05D0	0xDD25      	RCALL       _Delay_1us
;__Lib_Lcd.c,146 :: 		
0x05D2	0x9A81      	BCF         LCD_EN, BitPos(LCD_EN+0) 
;__Lib_Lcd.c,148 :: 		
0x05D4	0x9081      	BCF         LCD_D4, BitPos(LCD_D4+0) 
;__Lib_Lcd.c,149 :: 		
0x05D6	0x8A81      	BSF         LCD_EN, BitPos(LCD_EN+0) 
;__Lib_Lcd.c,150 :: 		
0x05D8	0xDD21      	RCALL       _Delay_1us
;__Lib_Lcd.c,151 :: 		
0x05DA	0x9A81      	BCF         LCD_EN, BitPos(LCD_EN+0) 
;__Lib_Lcd.c,152 :: 		
0x05DC	0xDD22      	RCALL       _Delay_5500us
;__Lib_Lcd.c,155 :: 		
0x05DE	0x8A81      	BSF         LCD_EN, BitPos(LCD_EN+0) 
;__Lib_Lcd.c,156 :: 		
0x05E0	0xDD1D      	RCALL       _Delay_1us
;__Lib_Lcd.c,157 :: 		
0x05E2	0x9A81      	BCF         LCD_EN, BitPos(LCD_EN+0) 
;__Lib_Lcd.c,159 :: 		
0x05E4	0x8081      	BSF         LCD_D4, BitPos(LCD_D4+0) 
;__Lib_Lcd.c,160 :: 		
0x05E6	0x8A81      	BSF         LCD_EN, BitPos(LCD_EN+0) 
;__Lib_Lcd.c,161 :: 		
0x05E8	0xDD19      	RCALL       _Delay_1us
;__Lib_Lcd.c,162 :: 		
0x05EA	0x9A81      	BCF         LCD_EN, BitPos(LCD_EN+0) 
;__Lib_Lcd.c,163 :: 		
0x05EC	0xDD1A      	RCALL       _Delay_5500us
;__Lib_Lcd.c,166 :: 		
0x05EE	0x9081      	BCF         LCD_D4, BitPos(LCD_D4+0) 
;__Lib_Lcd.c,167 :: 		
0x05F0	0x8A81      	BSF         LCD_EN, BitPos(LCD_EN+0) 
;__Lib_Lcd.c,168 :: 		
0x05F2	0xDD14      	RCALL       _Delay_1us
;__Lib_Lcd.c,169 :: 		
0x05F4	0x9A81      	BCF         LCD_EN, BitPos(LCD_EN+0) 
;__Lib_Lcd.c,171 :: 		
0x05F6	0x8681      	BSF         LCD_D7, BitPos(LCD_D7+0) 
;__Lib_Lcd.c,172 :: 		
0x05F8	0x8481      	BSF         LCD_D6, BitPos(LCD_D6+0) 
;__Lib_Lcd.c,173 :: 		
0x05FA	0x8281      	BSF         LCD_D5, BitPos(LCD_D5+0) 
;__Lib_Lcd.c,174 :: 		
0x05FC	0x8081      	BSF         LCD_D4, BitPos(LCD_D4+0) 
;__Lib_Lcd.c,175 :: 		
0x05FE	0x8A81      	BSF         LCD_EN, BitPos(LCD_EN+0) 
;__Lib_Lcd.c,176 :: 		
0x0600	0xDD0D      	RCALL       _Delay_1us
;__Lib_Lcd.c,177 :: 		
0x0602	0x9A81      	BCF         LCD_EN, BitPos(LCD_EN+0) 
;__Lib_Lcd.c,179 :: 		
0x0604	0xDD0E      	RCALL       _Delay_5500us
;__Lib_Lcd.c,181 :: 		
0x0606	0x0102      	MOVLB       2
0x0608	0x8142      	BSF         __Lib_Lcd_cmd_status, BitPos(__Lib_Lcd_cmd_status+0), 1
;__Lib_Lcd.c,182 :: 		
L_end_Lcd_Init:
0x060A	0x0012      	RETURN      0
; end of _Lcd_Init
___CC2DW:
;__Lib_System.c,21 :: 		
;__Lib_System.c,23 :: 		
_CC2DL_Loop1:
;__Lib_System.c,24 :: 		
0x060C	0x0009      	TBLRD*+
;__Lib_System.c,25 :: 		
0x060E	0xFFE6CFF5  	MOVFF       TABLAT, POSTINC1
;__Lib_System.c,26 :: 		
0x0612	0x0600      	DECF        R0, 1, 0
;__Lib_System.c,27 :: 		
0x0614	0xE1FB      	BNZ         _CC2DL_Loop1
;__Lib_System.c,28 :: 		
0x0616	0x0601      	DECF        R1, 1, 0
;__Lib_System.c,29 :: 		
0x0618	0xE1F9      	BNZ         _CC2DL_Loop1
;__Lib_System.c,31 :: 		
L_end___CC2DW:
0x061A	0x0012      	RETURN      0
; end of ___CC2DW
_init:
;LED_LCD.c,84 :: 		void init(){
;LED_LCD.c,85 :: 		ANSELA  = 0;
0x061C	0x010F      	MOVLB       15
0x061E	0x6B38      	CLRF        ANSELA, 1
;LED_LCD.c,86 :: 		ANSELB = 0;
0x0620	0x6B39      	CLRF        ANSELB, 1
;LED_LCD.c,87 :: 		ANSELD  = 0b00000001;
0x0622	0x0E01      	MOVLW       1
0x0624	0x6F3B      	MOVWF       ANSELD, 1
;LED_LCD.c,90 :: 		C1ON_bit = 0;
0x0626	0x9E79      	BCF         C1ON_bit, BitPos(C1ON_bit+0) 
;LED_LCD.c,91 :: 		C2ON_bit = 0;
0x0628	0x9E78      	BCF         C2ON_bit, BitPos(C2ON_bit+0) 
;LED_LCD.c,94 :: 		TRISA = 0b00001111;
0x062A	0x0E0F      	MOVLW       15
0x062C	0x6E92      	MOVWF       TRISA 
;LED_LCD.c,95 :: 		TRISD = 0b00000001;
0x062E	0x0E01      	MOVLW       1
0x0630	0x6E95      	MOVWF       TRISD 
;LED_LCD.c,99 :: 		ADC_Init();
0x0632	0xDF1A      	RCALL       _ADC_Init
;LED_LCD.c,100 :: 		Lcd_Init();
0x0634	0xDF9F      	RCALL       _Lcd_Init
;LED_LCD.c,104 :: 		Lcd_Cmd(_LCD_CLEAR);
0x0636	0x0E01      	MOVLW       1
0x0638	0x0103      	MOVLB       3
0x063A	0x6F55      	MOVWF       FARG_Lcd_Cmd_out_char, 1
0x063C	0xDD02      	RCALL       _Lcd_Cmd
;LED_LCD.c,105 :: 		Lcd_Cmd(_LCD_CURSOR_OFF);
0x063E	0x0E0C      	MOVLW       12
0x0640	0x0103      	MOVLB       3
0x0642	0x6F55      	MOVWF       FARG_Lcd_Cmd_out_char, 1
0x0644	0xDCFE      	RCALL       _Lcd_Cmd
;LED_LCD.c,106 :: 		Lcd_Out(1,1,txt_1);
0x0646	0x0E01      	MOVLW       1
0x0648	0x0103      	MOVLB       3
0x064A	0x6F4D      	MOVWF       FARG_Lcd_Out_row, 1
0x064C	0x0E01      	MOVLW       1
0x064E	0x6F4E      	MOVWF       FARG_Lcd_Out_column, 1
0x0650	0x0E28      	MOVLW       _txt_1
0x0652	0x6F4F      	MOVWF       FARG_Lcd_Out_text, 1
0x0654	0x0E02      	MOVLW       hi_addr(_txt_1)
0x0656	0x6F50      	MOVWF       FARG_Lcd_Out_text+1, 1
0x0658	0xDDB2      	RCALL       _Lcd_Out
;LED_LCD.c,107 :: 		Delay_ms(1000);
0x065A	0x0E0B      	MOVLW       11
0x065C	0x6E0B      	MOVWF       R11, 0
0x065E	0x0E26      	MOVLW       38
0x0660	0x6E0C      	MOVWF       R12, 0
0x0662	0x0E5D      	MOVLW       93
0x0664	0x6E0D      	MOVWF       R13, 0
L_init20:
0x0666	0x2E0D      	DECFSZ      R13, 1, 0
0x0668	0xD7FE      	BRA         L_init20
0x066A	0x2E0C      	DECFSZ      R12, 1, 0
0x066C	0xD7FC      	BRA         L_init20
0x066E	0x2E0B      	DECFSZ      R11, 1, 0
0x0670	0xD7FA      	BRA         L_init20
0x0672	0x0000      	NOP
0x0674	0x0000      	NOP
;LED_LCD.c,108 :: 		Lcd_Cmd(_LCD_CLEAR);
0x0676	0x0E01      	MOVLW       1
0x0678	0x0103      	MOVLB       3
0x067A	0x6F55      	MOVWF       FARG_Lcd_Cmd_out_char, 1
0x067C	0xDCE2      	RCALL       _Lcd_Cmd
;LED_LCD.c,109 :: 		Lcd_Out(1,1,txt_2);
0x067E	0x0E01      	MOVLW       1
0x0680	0x0103      	MOVLB       3
0x0682	0x6F4D      	MOVWF       FARG_Lcd_Out_row, 1
0x0684	0x0E01      	MOVLW       1
0x0686	0x6F4E      	MOVWF       FARG_Lcd_Out_column, 1
0x0688	0x0E30      	MOVLW       _txt_2
0x068A	0x6F4F      	MOVWF       FARG_Lcd_Out_text, 1
0x068C	0x0E02      	MOVLW       hi_addr(_txt_2)
0x068E	0x6F50      	MOVWF       FARG_Lcd_Out_text+1, 1
0x0690	0xDD96      	RCALL       _Lcd_Out
;LED_LCD.c,110 :: 		Lcd_Out(2,1,txt_3);
0x0692	0x0E02      	MOVLW       2
0x0694	0x0103      	MOVLB       3
0x0696	0x6F4D      	MOVWF       FARG_Lcd_Out_row, 1
0x0698	0x0E01      	MOVLW       1
0x069A	0x6F4E      	MOVWF       FARG_Lcd_Out_column, 1
0x069C	0x0E36      	MOVLW       _txt_3
0x069E	0x6F4F      	MOVWF       FARG_Lcd_Out_text, 1
0x06A0	0x0E02      	MOVLW       hi_addr(_txt_3)
0x06A2	0x6F50      	MOVWF       FARG_Lcd_Out_text+1, 1
0x06A4	0xDD8C      	RCALL       _Lcd_Out
;LED_LCD.c,112 :: 		}
L_end_init:
0x06A6	0x0012      	RETURN      0
; end of _init
_update_pot:
;LED_LCD.c,55 :: 		void update_pot(){
;LED_LCD.c,56 :: 		pot_value = ADC_Read(20);
0x06A8	0x0E14      	MOVLW       20
0x06AA	0x0103      	MOVLB       3
0x06AC	0x6F43      	MOVWF       FARG_ADC_Read_channel, 1
0x06AE	0xDF27      	RCALL       _ADC_Read
0x06B0	0xF23CC000  	MOVFF       R0, _pot_value
0x06B4	0xF23DC001  	MOVFF       R1, _pot_value+1
;LED_LCD.c,57 :: 		}
L_end_update_pot:
0x06B8	0x0012      	RETURN      0
; end of _update_pot
_update_value:
;LED_LCD.c,28 :: 		void update_value(){
;LED_LCD.c,30 :: 		IntToHex(value,test);
0x06BA	0xF343C23A  	MOVFF       _value, FARG_IntToHex_input
0x06BE	0xF344C23B  	MOVFF       _value+1, FARG_IntToHex_input+1
0x06C2	0x0E43      	MOVLW       update_value_test_L0
0x06C4	0x0103      	MOVLB       3
0x06C6	0x6F45      	MOVWF       FARG_IntToHex_output, 1
0x06C8	0x0E02      	MOVLW       hi_addr(update_value_test_L0)
0x06CA	0x6F46      	MOVWF       FARG_IntToHex_output+1, 1
0x06CC	0xDE54      	RCALL       _IntToHex
;LED_LCD.c,31 :: 		if (Button(&PORTA, 0, 1, 0) && value + 10 <= 1023) {
0x06CE	0x0E80      	MOVLW       PORTA
0x06D0	0x6F43      	MOVWF       FARG_Button_port, 1
0x06D2	0x0E0F      	MOVLW       hi_addr(PORTA)
0x06D4	0x6F44      	MOVWF       FARG_Button_port+1, 1
0x06D6	0x6B45      	CLRF        FARG_Button_pin, 1
0x06D8	0x0E01      	MOVLW       1
0x06DA	0x6F46      	MOVWF       FARG_Button_time_ms, 1
0x06DC	0x6B47      	CLRF        FARG_Button_active_state, 1
0x06DE	0xDED7      	RCALL       _Button
0x06E0	0x5200      	MOVF        R0, 1 
0x06E2	0xE023      	BZ          L_update_value2
0x06E4	0x0E0A      	MOVLW       10
0x06E6	0x0102      	MOVLB       2
0x06E8	0x253A      	ADDWF       _value, 0, 1
0x06EA	0x6E01      	MOVWF       R1 
0x06EC	0x0E00      	MOVLW       0
0x06EE	0x213B      	ADDWFC      _value+1, 0, 1
0x06F0	0x6E02      	MOVWF       R2 
0x06F2	0x0E80      	MOVLW       128
0x06F4	0x0A03      	XORLW       3
0x06F6	0x6E00      	MOVWF       R0 
0x06F8	0x0E80      	MOVLW       128
0x06FA	0x1802      	XORWF       R2, 0 
0x06FC	0x5C00      	SUBWF       R0, 0 
0x06FE	0xE102      	BNZ         L__update_value29
0x0700	0x5001      	MOVF        R1, 0 
0x0702	0x08FF      	SUBLW       255
L__update_value29:
0x0704	0xE312      	BNC         L_update_value2
L__update_value27:
;LED_LCD.c,32 :: 		value += 10;
0x0706	0x0E0A      	MOVLW       10
0x0708	0x273A      	ADDWF       _value, 1, 1
0x070A	0x0E00      	MOVLW       0
0x070C	0x233B      	ADDWFC      _value+1, 1, 1
;LED_LCD.c,33 :: 		delay_ms(300);
0x070E	0x0E04      	MOVLW       4
0x0710	0x6E0B      	MOVWF       R11, 0
0x0712	0x0E0C      	MOVLW       12
0x0714	0x6E0C      	MOVWF       R12, 0
0x0716	0x0E33      	MOVLW       51
0x0718	0x6E0D      	MOVWF       R13, 0
L_update_value3:
0x071A	0x2E0D      	DECFSZ      R13, 1, 0
0x071C	0xD7FE      	BRA         L_update_value3
0x071E	0x2E0C      	DECFSZ      R12, 1, 0
0x0720	0xD7FC      	BRA         L_update_value3
0x0722	0x2E0B      	DECFSZ      R11, 1, 0
0x0724	0xD7FA      	BRA         L_update_value3
0x0726	0x0000      	NOP
0x0728	0x0000      	NOP
;LED_LCD.c,34 :: 		}
L_update_value2:
;LED_LCD.c,36 :: 		if (Button(&PORTA, 1, 1, 0) && value - 10 >= 0) {
0x072A	0x0E80      	MOVLW       PORTA
0x072C	0x0103      	MOVLB       3
0x072E	0x6F43      	MOVWF       FARG_Button_port, 1
0x0730	0x0E0F      	MOVLW       hi_addr(PORTA)
0x0732	0x6F44      	MOVWF       FARG_Button_port+1, 1
0x0734	0x0E01      	MOVLW       1
0x0736	0x6F45      	MOVWF       FARG_Button_pin, 1
0x0738	0x0E01      	MOVLW       1
0x073A	0x6F46      	MOVWF       FARG_Button_time_ms, 1
0x073C	0x6B47      	CLRF        FARG_Button_active_state, 1
0x073E	0xDEA7      	RCALL       _Button
0x0740	0x5200      	MOVF        R0, 1 
0x0742	0xE022      	BZ          L_update_value6
0x0744	0x0E0A      	MOVLW       10
0x0746	0x0102      	MOVLB       2
0x0748	0x5D3A      	SUBWF       _value, 0, 1
0x074A	0x6E01      	MOVWF       R1 
0x074C	0x0E00      	MOVLW       0
0x074E	0x593B      	SUBWFB      _value+1, 0, 1
0x0750	0x6E02      	MOVWF       R2 
0x0752	0x0E80      	MOVLW       128
0x0754	0x1802      	XORWF       R2, 0 
0x0756	0x6E00      	MOVWF       R0 
0x0758	0x0E80      	MOVLW       128
0x075A	0x5C00      	SUBWF       R0, 0 
0x075C	0xE102      	BNZ         L__update_value30
0x075E	0x0E00      	MOVLW       0
0x0760	0x5C01      	SUBWF       R1, 0 
L__update_value30:
0x0762	0xE312      	BNC         L_update_value6
L__update_value26:
;LED_LCD.c,37 :: 		value -= 10;
0x0764	0x0E0A      	MOVLW       10
0x0766	0x5F3A      	SUBWF       _value, 1, 1
0x0768	0x0E00      	MOVLW       0
0x076A	0x5B3B      	SUBWFB      _value+1, 1, 1
;LED_LCD.c,38 :: 		delay_ms(300);
0x076C	0x0E04      	MOVLW       4
0x076E	0x6E0B      	MOVWF       R11, 0
0x0770	0x0E0C      	MOVLW       12
0x0772	0x6E0C      	MOVWF       R12, 0
0x0774	0x0E33      	MOVLW       51
0x0776	0x6E0D      	MOVWF       R13, 0
L_update_value7:
0x0778	0x2E0D      	DECFSZ      R13, 1, 0
0x077A	0xD7FE      	BRA         L_update_value7
0x077C	0x2E0C      	DECFSZ      R12, 1, 0
0x077E	0xD7FC      	BRA         L_update_value7
0x0780	0x2E0B      	DECFSZ      R11, 1, 0
0x0782	0xD7FA      	BRA         L_update_value7
0x0784	0x0000      	NOP
0x0786	0x0000      	NOP
;LED_LCD.c,39 :: 		}
L_update_value6:
;LED_LCD.c,41 :: 		if (Button(&PORTA, 2, 1, 0) && value + 100 <= 1023) {
0x0788	0x0E80      	MOVLW       PORTA
0x078A	0x0103      	MOVLB       3
0x078C	0x6F43      	MOVWF       FARG_Button_port, 1
0x078E	0x0E0F      	MOVLW       hi_addr(PORTA)
0x0790	0x6F44      	MOVWF       FARG_Button_port+1, 1
0x0792	0x0E02      	MOVLW       2
0x0794	0x6F45      	MOVWF       FARG_Button_pin, 1
0x0796	0x0E01      	MOVLW       1
0x0798	0x6F46      	MOVWF       FARG_Button_time_ms, 1
0x079A	0x6B47      	CLRF        FARG_Button_active_state, 1
0x079C	0xDE78      	RCALL       _Button
0x079E	0x5200      	MOVF        R0, 1 
0x07A0	0xE023      	BZ          L_update_value10
0x07A2	0x0E64      	MOVLW       100
0x07A4	0x0102      	MOVLB       2
0x07A6	0x253A      	ADDWF       _value, 0, 1
0x07A8	0x6E01      	MOVWF       R1 
0x07AA	0x0E00      	MOVLW       0
0x07AC	0x213B      	ADDWFC      _value+1, 0, 1
0x07AE	0x6E02      	MOVWF       R2 
0x07B0	0x0E80      	MOVLW       128
0x07B2	0x0A03      	XORLW       3
0x07B4	0x6E00      	MOVWF       R0 
0x07B6	0x0E80      	MOVLW       128
0x07B8	0x1802      	XORWF       R2, 0 
0x07BA	0x5C00      	SUBWF       R0, 0 
0x07BC	0xE102      	BNZ         L__update_value31
0x07BE	0x5001      	MOVF        R1, 0 
0x07C0	0x08FF      	SUBLW       255
L__update_value31:
0x07C2	0xE312      	BNC         L_update_value10
L__update_value25:
;LED_LCD.c,42 :: 		value += 100;
0x07C4	0x0E64      	MOVLW       100
0x07C6	0x273A      	ADDWF       _value, 1, 1
0x07C8	0x0E00      	MOVLW       0
0x07CA	0x233B      	ADDWFC      _value+1, 1, 1
;LED_LCD.c,43 :: 		delay_ms(300);
0x07CC	0x0E04      	MOVLW       4
0x07CE	0x6E0B      	MOVWF       R11, 0
0x07D0	0x0E0C      	MOVLW       12
0x07D2	0x6E0C      	MOVWF       R12, 0
0x07D4	0x0E33      	MOVLW       51
0x07D6	0x6E0D      	MOVWF       R13, 0
L_update_value11:
0x07D8	0x2E0D      	DECFSZ      R13, 1, 0
0x07DA	0xD7FE      	BRA         L_update_value11
0x07DC	0x2E0C      	DECFSZ      R12, 1, 0
0x07DE	0xD7FC      	BRA         L_update_value11
0x07E0	0x2E0B      	DECFSZ      R11, 1, 0
0x07E2	0xD7FA      	BRA         L_update_value11
0x07E4	0x0000      	NOP
0x07E6	0x0000      	NOP
;LED_LCD.c,44 :: 		}
L_update_value10:
;LED_LCD.c,46 :: 		if (Button(&PORTA, 3, 1, 0) && value - 100 >= 0) {
0x07E8	0x0E80      	MOVLW       PORTA
0x07EA	0x0103      	MOVLB       3
0x07EC	0x6F43      	MOVWF       FARG_Button_port, 1
0x07EE	0x0E0F      	MOVLW       hi_addr(PORTA)
0x07F0	0x6F44      	MOVWF       FARG_Button_port+1, 1
0x07F2	0x0E03      	MOVLW       3
0x07F4	0x6F45      	MOVWF       FARG_Button_pin, 1
0x07F6	0x0E01      	MOVLW       1
0x07F8	0x6F46      	MOVWF       FARG_Button_time_ms, 1
0x07FA	0x6B47      	CLRF        FARG_Button_active_state, 1
0x07FC	0xDE48      	RCALL       _Button
0x07FE	0x5200      	MOVF        R0, 1 
0x0800	0xE022      	BZ          L_update_value14
0x0802	0x0E64      	MOVLW       100
0x0804	0x0102      	MOVLB       2
0x0806	0x5D3A      	SUBWF       _value, 0, 1
0x0808	0x6E01      	MOVWF       R1 
0x080A	0x0E00      	MOVLW       0
0x080C	0x593B      	SUBWFB      _value+1, 0, 1
0x080E	0x6E02      	MOVWF       R2 
0x0810	0x0E80      	MOVLW       128
0x0812	0x1802      	XORWF       R2, 0 
0x0814	0x6E00      	MOVWF       R0 
0x0816	0x0E80      	MOVLW       128
0x0818	0x5C00      	SUBWF       R0, 0 
0x081A	0xE102      	BNZ         L__update_value32
0x081C	0x0E00      	MOVLW       0
0x081E	0x5C01      	SUBWF       R1, 0 
L__update_value32:
0x0820	0xE312      	BNC         L_update_value14
L__update_value24:
;LED_LCD.c,47 :: 		value -= 100;
0x0822	0x0E64      	MOVLW       100
0x0824	0x5F3A      	SUBWF       _value, 1, 1
0x0826	0x0E00      	MOVLW       0
0x0828	0x5B3B      	SUBWFB      _value+1, 1, 1
;LED_LCD.c,48 :: 		delay_ms(300);
0x082A	0x0E04      	MOVLW       4
0x082C	0x6E0B      	MOVWF       R11, 0
0x082E	0x0E0C      	MOVLW       12
0x0830	0x6E0C      	MOVWF       R12, 0
0x0832	0x0E33      	MOVLW       51
0x0834	0x6E0D      	MOVWF       R13, 0
L_update_value15:
0x0836	0x2E0D      	DECFSZ      R13, 1, 0
0x0838	0xD7FE      	BRA         L_update_value15
0x083A	0x2E0C      	DECFSZ      R12, 1, 0
0x083C	0xD7FC      	BRA         L_update_value15
0x083E	0x2E0B      	DECFSZ      R11, 1, 0
0x0840	0xD7FA      	BRA         L_update_value15
0x0842	0x0000      	NOP
0x0844	0x0000      	NOP
;LED_LCD.c,49 :: 		}
L_update_value14:
;LED_LCD.c,50 :: 		}
L_end_update_value:
0x0846	0x0012      	RETURN      0
; end of _update_value
_update_LCD:
;LED_LCD.c,75 :: 		void update_LCD(){
;LED_LCD.c,76 :: 		IntToStr(value, valeur);
0x0848	0xF343C23A  	MOVFF       _value, FARG_IntToStr_input
0x084C	0xF344C23B  	MOVFF       _value+1, FARG_IntToStr_input+1
0x0850	0x0E1B      	MOVLW       _valeur
0x0852	0x0103      	MOVLB       3
0x0854	0x6F45      	MOVWF       FARG_IntToStr_output, 1
0x0856	0x0E00      	MOVLW       hi_addr(_valeur)
0x0858	0x6F46      	MOVWF       FARG_IntToStr_output+1, 1
0x085A	0xDD20      	RCALL       _IntToStr
;LED_LCD.c,77 :: 		Lcd_Out(1, 7, valeur);
0x085C	0x0E01      	MOVLW       1
0x085E	0x6F4D      	MOVWF       FARG_Lcd_Out_row, 1
0x0860	0x0E07      	MOVLW       7
0x0862	0x6F4E      	MOVWF       FARG_Lcd_Out_column, 1
0x0864	0x0E1B      	MOVLW       _valeur
0x0866	0x6F4F      	MOVWF       FARG_Lcd_Out_text, 1
0x0868	0x0E00      	MOVLW       hi_addr(_valeur)
0x086A	0x6F50      	MOVWF       FARG_Lcd_Out_text+1, 1
0x086C	0xDCA8      	RCALL       _Lcd_Out
;LED_LCD.c,78 :: 		IntToStr(pot_value, potentio);
0x086E	0xF343C23C  	MOVFF       _pot_value, FARG_IntToStr_input
0x0872	0xF344C23D  	MOVFF       _pot_value+1, FARG_IntToStr_input+1
0x0876	0x0E27      	MOVLW       _potentio
0x0878	0x0103      	MOVLB       3
0x087A	0x6F45      	MOVWF       FARG_IntToStr_output, 1
0x087C	0x0E01      	MOVLW       hi_addr(_potentio)
0x087E	0x6F46      	MOVWF       FARG_IntToStr_output+1, 1
0x0880	0xDD0D      	RCALL       _IntToStr
;LED_LCD.c,79 :: 		Lcd_Out(2,4, potentio);
0x0882	0x0E02      	MOVLW       2
0x0884	0x6F4D      	MOVWF       FARG_Lcd_Out_row, 1
0x0886	0x0E04      	MOVLW       4
0x0888	0x6F4E      	MOVWF       FARG_Lcd_Out_column, 1
0x088A	0x0E27      	MOVLW       _potentio
0x088C	0x6F4F      	MOVWF       FARG_Lcd_Out_text, 1
0x088E	0x0E01      	MOVLW       hi_addr(_potentio)
0x0890	0x6F50      	MOVWF       FARG_Lcd_Out_text+1, 1
0x0892	0xDC95      	RCALL       _Lcd_Out
;LED_LCD.c,80 :: 		update_sign(value, pot_value);
0x0894	0xF343C23A  	MOVFF       _value, FARG_update_sign_a
0x0898	0xF344C23B  	MOVFF       _value+1, FARG_update_sign_a+1
0x089C	0xF345C23C  	MOVFF       _pot_value, FARG_update_sign_b
0x08A0	0xF346C23D  	MOVFF       _pot_value+1, FARG_update_sign_b+1
0x08A4	0xDCCE      	RCALL       _update_sign
;LED_LCD.c,81 :: 		}
L_end_update_LCD:
0x08A6	0x0012      	RETURN      0
; end of _update_LCD
_main:
0x08A8	0xF005EC77  	CALL        2798, 0
;LED_LCD.c,115 :: 		void main() {
;LED_LCD.c,117 :: 		init();
0x08AC	0xDEB7      	RCALL       _init
;LED_LCD.c,120 :: 		for(;;){
L_main21:
;LED_LCD.c,121 :: 		update_value();
0x08AE	0xDF05      	RCALL       _update_value
;LED_LCD.c,122 :: 		update_pot();
0x08B0	0xDEFB      	RCALL       _update_pot
;LED_LCD.c,123 :: 		update_LCD();
0x08B2	0xDFCA      	RCALL       _update_LCD
;LED_LCD.c,124 :: 		}
0x08B4	0xD7FC      	BRA         L_main21
;LED_LCD.c,125 :: 		}
L_end_main:
0x08B6	0xD7FF      	BRA         $+0
; end of _main
0x0AEE	0xF015EE10  	LFSR        1, 21
0x0AF2	0x0E25      	MOVLW       37
0x0AF4	0x6E00      	MOVWF       R0 
0x0AF6	0x0E03      	MOVLW       3
0x0AF8	0x6E01      	MOVWF       R1 
0x0AFA	0x0EB8      	MOVLW       184
0x0AFC	0x6EF6      	MOVWF       4086 
0x0AFE	0x0E08      	MOVLW       8
0x0B00	0x6EF7      	MOVWF       TBLPTRH 
0x0B02	0x0E00      	MOVLW       0
0x0B04	0x6EF8      	MOVWF       TBLPTRU 
0x0B06	0xF003EC06  	CALL        1548, 0
0x0B0A	0x0012      	RETURN      0
;LED_LCD.c,0 :: ?ICS?lstr3_LED_LCD
0x08B8	0x3D53 ;?ICS?lstr3_LED_LCD+0
0x08BA	0x4441 ;?ICS?lstr3_LED_LCD+2
0x08BC	0x0043 ;?ICS?lstr3_LED_LCD+4
; end of ?ICS?lstr3_LED_LCD
;LED_LCD.c,0 :: ?ICS_valeur
0x08BE	0x0000 ;?ICS_valeur+0
0x08C0	0x0000 ;?ICS_valeur+2
0x08C2	0x0000 ;?ICS_valeur+4
0x08C4	0x0000 ;?ICS_valeur+6
0x08C6	0x0000 ;?ICS_valeur+8
0x08C8	0x0000 ;?ICS_valeur+10
0x08CA	0x0000 ;?ICS_valeur+12
0x08CC	0x0000 ;?ICS_valeur+14
0x08CE	0x0000 ;?ICS_valeur+16
0x08D0	0x0000 ;?ICS_valeur+18
0x08D2	0x0000 ;?ICS_valeur+20
0x08D4	0x0000 ;?ICS_valeur+22
0x08D6	0x0000 ;?ICS_valeur+24
0x08D8	0x0000 ;?ICS_valeur+26
0x08DA	0x0000 ;?ICS_valeur+28
0x08DC	0x0000 ;?ICS_valeur+30
0x08DE	0x0000 ;?ICS_valeur+32
0x08E0	0x0000 ;?ICS_valeur+34
0x08E2	0x0000 ;?ICS_valeur+36
0x08E4	0x0000 ;?ICS_valeur+38
0x08E6	0x0000 ;?ICS_valeur+40
0x08E8	0x0000 ;?ICS_valeur+42
0x08EA	0x0000 ;?ICS_valeur+44
0x08EC	0x0000 ;?ICS_valeur+46
0x08EE	0x0000 ;?ICS_valeur+48
0x08F0	0x0000 ;?ICS_valeur+50
0x08F2	0x0000 ;?ICS_valeur+52
0x08F4	0x0000 ;?ICS_valeur+54
0x08F6	0x0000 ;?ICS_valeur+56
0x08F8	0x0000 ;?ICS_valeur+58
0x08FA	0x0000 ;?ICS_valeur+60
0x08FC	0x0000 ;?ICS_valeur+62
0x08FE	0x0000 ;?ICS_valeur+64
0x0900	0x0000 ;?ICS_valeur+66
0x0902	0x0000 ;?ICS_valeur+68
0x0904	0x0000 ;?ICS_valeur+70
0x0906	0x0000 ;?ICS_valeur+72
0x0908	0x0000 ;?ICS_valeur+74
0x090A	0x0000 ;?ICS_valeur+76
0x090C	0x0000 ;?ICS_valeur+78
0x090E	0x0000 ;?ICS_valeur+80
0x0910	0x0000 ;?ICS_valeur+82
0x0912	0x0000 ;?ICS_valeur+84
0x0914	0x0000 ;?ICS_valeur+86
0x0916	0x0000 ;?ICS_valeur+88
0x0918	0x0000 ;?ICS_valeur+90
0x091A	0x0000 ;?ICS_valeur+92
0x091C	0x0000 ;?ICS_valeur+94
0x091E	0x0000 ;?ICS_valeur+96
0x0920	0x0000 ;?ICS_valeur+98
0x0922	0x0000 ;?ICS_valeur+100
0x0924	0x0000 ;?ICS_valeur+102
0x0926	0x0000 ;?ICS_valeur+104
0x0928	0x0000 ;?ICS_valeur+106
0x092A	0x0000 ;?ICS_valeur+108
0x092C	0x0000 ;?ICS_valeur+110
0x092E	0x0000 ;?ICS_valeur+112
0x0930	0x0000 ;?ICS_valeur+114
0x0932	0x0000 ;?ICS_valeur+116
0x0934	0x0000 ;?ICS_valeur+118
0x0936	0x0000 ;?ICS_valeur+120
0x0938	0x0000 ;?ICS_valeur+122
0x093A	0x0000 ;?ICS_valeur+124
0x093C	0x0000 ;?ICS_valeur+126
0x093E	0x0000 ;?ICS_valeur+128
0x0940	0x0000 ;?ICS_valeur+130
0x0942	0x0000 ;?ICS_valeur+132
0x0944	0x0000 ;?ICS_valeur+134
0x0946	0x0000 ;?ICS_valeur+136
0x0948	0x0000 ;?ICS_valeur+138
0x094A	0x0000 ;?ICS_valeur+140
0x094C	0x0000 ;?ICS_valeur+142
0x094E	0x0000 ;?ICS_valeur+144
0x0950	0x0000 ;?ICS_valeur+146
0x0952	0x0000 ;?ICS_valeur+148
0x0954	0x0000 ;?ICS_valeur+150
0x0956	0x0000 ;?ICS_valeur+152
0x0958	0x0000 ;?ICS_valeur+154
0x095A	0x0000 ;?ICS_valeur+156
0x095C	0x0000 ;?ICS_valeur+158
0x095E	0x0000 ;?ICS_valeur+160
0x0960	0x0000 ;?ICS_valeur+162
0x0962	0x0000 ;?ICS_valeur+164
0x0964	0x0000 ;?ICS_valeur+166
0x0966	0x0000 ;?ICS_valeur+168
0x0968	0x0000 ;?ICS_valeur+170
0x096A	0x0000 ;?ICS_valeur+172
0x096C	0x0000 ;?ICS_valeur+174
0x096E	0x0000 ;?ICS_valeur+176
0x0970	0x0000 ;?ICS_valeur+178
0x0972	0x0000 ;?ICS_valeur+180
0x0974	0x0000 ;?ICS_valeur+182
0x0976	0x0000 ;?ICS_valeur+184
0x0978	0x0000 ;?ICS_valeur+186
0x097A	0x0000 ;?ICS_valeur+188
0x097C	0x0000 ;?ICS_valeur+190
0x097E	0x0000 ;?ICS_valeur+192
0x0980	0x0000 ;?ICS_valeur+194
0x0982	0x0000 ;?ICS_valeur+196
0x0984	0x0000 ;?ICS_valeur+198
0x0986	0x0000 ;?ICS_valeur+200
0x0988	0x0000 ;?ICS_valeur+202
0x098A	0x0000 ;?ICS_valeur+204
0x098C	0x0000 ;?ICS_valeur+206
0x098E	0x0000 ;?ICS_valeur+208
0x0990	0x0000 ;?ICS_valeur+210
0x0992	0x0000 ;?ICS_valeur+212
0x0994	0x0000 ;?ICS_valeur+214
0x0996	0x0000 ;?ICS_valeur+216
0x0998	0x0000 ;?ICS_valeur+218
0x099A	0x0000 ;?ICS_valeur+220
0x099C	0x0000 ;?ICS_valeur+222
0x099E	0x0000 ;?ICS_valeur+224
0x09A0	0x0000 ;?ICS_valeur+226
0x09A2	0x0000 ;?ICS_valeur+228
0x09A4	0x0000 ;?ICS_valeur+230
0x09A6	0x0000 ;?ICS_valeur+232
0x09A8	0x0000 ;?ICS_valeur+234
0x09AA	0x0000 ;?ICS_valeur+236
0x09AC	0x0000 ;?ICS_valeur+238
0x09AE	0x0000 ;?ICS_valeur+240
0x09B0	0x0000 ;?ICS_valeur+242
0x09B2	0x0000 ;?ICS_valeur+244
0x09B4	0x0000 ;?ICS_valeur+246
0x09B6	0x0000 ;?ICS_valeur+248
0x09B8	0x0000 ;?ICS_valeur+250
0x09BA	0x0000 ;?ICS_valeur+252
0x09BC	0x0000 ;?ICS_valeur+254
; end of ?ICS_valeur
;LED_LCD.c,0 :: ?ICS?lstr1_LED_LCD
0x09BE	0x3C53 ;?ICS?lstr1_LED_LCD+0
0x09C0	0x4441 ;?ICS?lstr1_LED_LCD+2
0x09C2	0x0043 ;?ICS?lstr1_LED_LCD+4
; end of ?ICS?lstr1_LED_LCD
;LED_LCD.c,0 :: ?ICS?lstr2_LED_LCD
0x09C4	0x3E53 ;?ICS?lstr2_LED_LCD+0
0x09C6	0x4441 ;?ICS?lstr2_LED_LCD+2
0x09C8	0x0043 ;?ICS?lstr2_LED_LCD+4
; end of ?ICS?lstr2_LED_LCD
;LED_LCD.c,0 :: ?ICS_potentio
0x09CA	0x0000 ;?ICS_potentio+0
0x09CC	0x0000 ;?ICS_potentio+2
0x09CE	0x0000 ;?ICS_potentio+4
0x09D0	0x0000 ;?ICS_potentio+6
0x09D2	0x0000 ;?ICS_potentio+8
0x09D4	0x0000 ;?ICS_potentio+10
0x09D6	0x0000 ;?ICS_potentio+12
0x09D8	0x0000 ;?ICS_potentio+14
0x09DA	0x0000 ;?ICS_potentio+16
0x09DC	0x0000 ;?ICS_potentio+18
0x09DE	0x0000 ;?ICS_potentio+20
0x09E0	0x0000 ;?ICS_potentio+22
0x09E2	0x0000 ;?ICS_potentio+24
0x09E4	0x0000 ;?ICS_potentio+26
0x09E6	0x0000 ;?ICS_potentio+28
0x09E8	0x0000 ;?ICS_potentio+30
0x09EA	0x0000 ;?ICS_potentio+32
0x09EC	0x0000 ;?ICS_potentio+34
0x09EE	0x0000 ;?ICS_potentio+36
0x09F0	0x0000 ;?ICS_potentio+38
0x09F2	0x0000 ;?ICS_potentio+40
0x09F4	0x0000 ;?ICS_potentio+42
0x09F6	0x0000 ;?ICS_potentio+44
0x09F8	0x0000 ;?ICS_potentio+46
0x09FA	0x0000 ;?ICS_potentio+48
0x09FC	0x0000 ;?ICS_potentio+50
0x09FE	0x0000 ;?ICS_potentio+52
0x0A00	0x0000 ;?ICS_potentio+54
0x0A02	0x0000 ;?ICS_potentio+56
0x0A04	0x0000 ;?ICS_potentio+58
0x0A06	0x0000 ;?ICS_potentio+60
0x0A08	0x0000 ;?ICS_potentio+62
0x0A0A	0x0000 ;?ICS_potentio+64
0x0A0C	0x0000 ;?ICS_potentio+66
0x0A0E	0x0000 ;?ICS_potentio+68
0x0A10	0x0000 ;?ICS_potentio+70
0x0A12	0x0000 ;?ICS_potentio+72
0x0A14	0x0000 ;?ICS_potentio+74
0x0A16	0x0000 ;?ICS_potentio+76
0x0A18	0x0000 ;?ICS_potentio+78
0x0A1A	0x0000 ;?ICS_potentio+80
0x0A1C	0x0000 ;?ICS_potentio+82
0x0A1E	0x0000 ;?ICS_potentio+84
0x0A20	0x0000 ;?ICS_potentio+86
0x0A22	0x0000 ;?ICS_potentio+88
0x0A24	0x0000 ;?ICS_potentio+90
0x0A26	0x0000 ;?ICS_potentio+92
0x0A28	0x0000 ;?ICS_potentio+94
0x0A2A	0x0000 ;?ICS_potentio+96
0x0A2C	0x0000 ;?ICS_potentio+98
0x0A2E	0x0000 ;?ICS_potentio+100
0x0A30	0x0000 ;?ICS_potentio+102
0x0A32	0x0000 ;?ICS_potentio+104
0x0A34	0x0000 ;?ICS_potentio+106
0x0A36	0x0000 ;?ICS_potentio+108
0x0A38	0x0000 ;?ICS_potentio+110
0x0A3A	0x0000 ;?ICS_potentio+112
0x0A3C	0x0000 ;?ICS_potentio+114
0x0A3E	0x0000 ;?ICS_potentio+116
0x0A40	0x0000 ;?ICS_potentio+118
0x0A42	0x0000 ;?ICS_potentio+120
0x0A44	0x0000 ;?ICS_potentio+122
0x0A46	0x0000 ;?ICS_potentio+124
0x0A48	0x0000 ;?ICS_potentio+126
0x0A4A	0x0000 ;?ICS_potentio+128
0x0A4C	0x0000 ;?ICS_potentio+130
0x0A4E	0x0000 ;?ICS_potentio+132
0x0A50	0x0000 ;?ICS_potentio+134
0x0A52	0x0000 ;?ICS_potentio+136
0x0A54	0x0000 ;?ICS_potentio+138
0x0A56	0x0000 ;?ICS_potentio+140
0x0A58	0x0000 ;?ICS_potentio+142
0x0A5A	0x0000 ;?ICS_potentio+144
0x0A5C	0x0000 ;?ICS_potentio+146
0x0A5E	0x0000 ;?ICS_potentio+148
0x0A60	0x0000 ;?ICS_potentio+150
0x0A62	0x0000 ;?ICS_potentio+152
0x0A64	0x0000 ;?ICS_potentio+154
0x0A66	0x0000 ;?ICS_potentio+156
0x0A68	0x0000 ;?ICS_potentio+158
0x0A6A	0x0000 ;?ICS_potentio+160
0x0A6C	0x0000 ;?ICS_potentio+162
0x0A6E	0x0000 ;?ICS_potentio+164
0x0A70	0x0000 ;?ICS_potentio+166
0x0A72	0x0000 ;?ICS_potentio+168
0x0A74	0x0000 ;?ICS_potentio+170
0x0A76	0x0000 ;?ICS_potentio+172
0x0A78	0x0000 ;?ICS_potentio+174
0x0A7A	0x0000 ;?ICS_potentio+176
0x0A7C	0x0000 ;?ICS_potentio+178
0x0A7E	0x0000 ;?ICS_potentio+180
0x0A80	0x0000 ;?ICS_potentio+182
0x0A82	0x0000 ;?ICS_potentio+184
0x0A84	0x0000 ;?ICS_potentio+186
0x0A86	0x0000 ;?ICS_potentio+188
0x0A88	0x0000 ;?ICS_potentio+190
0x0A8A	0x0000 ;?ICS_potentio+192
0x0A8C	0x0000 ;?ICS_potentio+194
0x0A8E	0x0000 ;?ICS_potentio+196
0x0A90	0x0000 ;?ICS_potentio+198
0x0A92	0x0000 ;?ICS_potentio+200
0x0A94	0x0000 ;?ICS_potentio+202
0x0A96	0x0000 ;?ICS_potentio+204
0x0A98	0x0000 ;?ICS_potentio+206
0x0A9A	0x0000 ;?ICS_potentio+208
0x0A9C	0x0000 ;?ICS_potentio+210
0x0A9E	0x0000 ;?ICS_potentio+212
0x0AA0	0x0000 ;?ICS_potentio+214
0x0AA2	0x0000 ;?ICS_potentio+216
0x0AA4	0x0000 ;?ICS_potentio+218
0x0AA6	0x0000 ;?ICS_potentio+220
0x0AA8	0x0000 ;?ICS_potentio+222
0x0AAA	0x0000 ;?ICS_potentio+224
0x0AAC	0x0000 ;?ICS_potentio+226
0x0AAE	0x0000 ;?ICS_potentio+228
0x0AB0	0x0000 ;?ICS_potentio+230
0x0AB2	0x0000 ;?ICS_potentio+232
0x0AB4	0x0000 ;?ICS_potentio+234
0x0AB6	0x0000 ;?ICS_potentio+236
0x0AB8	0x0000 ;?ICS_potentio+238
0x0ABA	0x0000 ;?ICS_potentio+240
0x0ABC	0x0000 ;?ICS_potentio+242
0x0ABE	0x0000 ;?ICS_potentio+244
0x0AC0	0x0000 ;?ICS_potentio+246
0x0AC2	0x0000 ;?ICS_potentio+248
0x0AC4	0x0000 ;?ICS_potentio+250
0x0AC6	0x0000 ;?ICS_potentio+252
0x0AC8	0x0000 ;?ICS_potentio+254
; end of ?ICS_potentio
;__Lib_ADC_K22_B.c,0 :: ?ICS_vref_mask
0x0ACA	0x0F ;?ICS_vref_mask+0
; end of ?ICS_vref_mask
;LED_LCD.c,0 :: ?ICS_txt_1
0x0ACB	0x6F42 ;?ICS_txt_1+0
0x0ACD	0x6A6E ;?ICS_txt_1+2
0x0ACF	0x756F ;?ICS_txt_1+4
0x0AD1	0x0072 ;?ICS_txt_1+6
; end of ?ICS_txt_1
;LED_LCD.c,0 :: ?ICS_txt_2
0x0AD3	0x6553 ;?ICS_txt_2+0
0x0AD5	0x6975 ;?ICS_txt_2+2
0x0AD7	0x006C ;?ICS_txt_2+4
; end of ?ICS_txt_2
;LED_LCD.c,0 :: ?ICS_txt_3
0x0AD9	0x4441 ;?ICS_txt_3+0
0x0ADB	0x0043 ;?ICS_txt_3+2
; end of ?ICS_txt_3
;__Lib_Conversions.c,3 :: __Lib_Conversions_Digits
0x0ADD	0x3130 ;__Lib_Conversions_Digits+0
0x0ADF	0x3332 ;__Lib_Conversions_Digits+2
0x0AE1	0x3534 ;__Lib_Conversions_Digits+4
0x0AE3	0x3736 ;__Lib_Conversions_Digits+6
0x0AE5	0x3938 ;__Lib_Conversions_Digits+8
0x0AE7	0x4241 ;__Lib_Conversions_Digits+10
0x0AE9	0x4443 ;__Lib_Conversions_Digits+12
0x0AEB	0x4645 ;__Lib_Conversions_Digits+14
; end of __Lib_Conversions_Digits
Symbol List:
//** Routines locations **
//ADDRESS    SIZE    PROCEDURE
//----------------------------------------------
0x001C       [6]    _Delay_1us
0x0022      [22]    _Delay_5500us
0x0038      [10]    _Delay_50us
0x0042     [132]    _Lcd_Cmd
0x00C6      [54]    _Div_16X16_U
0x00FC      [14]    _Lcd_Chr_CP
0x010A      [12]    _Delay_22us
0x0116      [22]    _Delay_500us
0x012C     [146]    _WordToStr
0x01BE     [132]    _Lcd_Out
0x0242      [90]    _update_sign
0x029C     [218]    _IntToStr
0x0376     [242]    _IntToHex
0x0468      [38]    _ADC_Init
0x048E     [112]    _Button
0x04FE     [118]    _ADC_Read
0x0574     [152]    _Lcd_Init
0x060C      [16]    ___CC2DW
0x061C     [140]    _init
0x06A8      [18]    _update_pot
0x06BA     [398]    _update_value
0x0848      [96]    _update_LCD
0x08A8      [16]    _main
//** Variables locations ** 
//ADDRESS    SIZE    VARIABLE
//----------------------------------------------
0x0000       [1]    SPI2_Write_tmp_L0
0x0000       [1]    R0
0x0000       [1]    SPI1_Write_tmp_L0
0x0001       [1]    R1
0x0002       [2]    memcpy_dd_L0
0x0002       [2]    strlen_cp_L0
0x0002       [2]    memchr_s_L0
0x0002       [2]    memset_pp_L0
0x0002       [1]    R2
0x0003       [1]    R3
0x0003       [2]    memmove_tt_L0
0x0003       [2]    Ltrim_original_L0
0x0004       [2]    strncat_cp_L0
0x0004       [2]    memcpy_ss_L0
0x0004       [2]    strcat_cp_L0
0x0004       [1]    R4
0x0004       [2]    strcpy_cp_L0
0x0004       [2]    strncpy_cp_L0
0x0005       [2]    LongIntToHex_input_half_L0
0x0005       [2]    Ltrim_p_L0
0x0005       [2]    LongWordToHex_input_half_L0
0x0005       [1]    R5
0x0005       [2]    memmove_ff_L0
0x0006       [1]    R6
0x0007       [1]    R7
0x0008       [1]    R8
0x0009       [1]    R9
0x000A       [1]    R10
0x000B       [1]    R11
0x000C       [1]    R12
0x000D       [1]    R13
0x000E       [1]    R14
0x000F       [1]    R15
0x0010       [1]    R16
0x0011       [1]    R17
0x0012       [1]    R18
0x0013       [1]    R19
0x0014       [1]    R20
0x0015       [6]    ?lstr3_LED_LCD
0x001B     [256]    _valeur
0x011B       [6]    ?lstr1_LED_LCD
0x0121       [6]    ?lstr2_LED_LCD
0x0127     [256]    _potentio
0x0227       [1]    _vref_mask
0x0228       [8]    _txt_1
0x0230       [6]    _txt_2
0x0236       [4]    _txt_3
0x023A       [2]    _value
0x023C       [2]    _pot_value
0x023E       [4]    _ADC_Get_Sample_Ptr
0x0242       [0]    __Lib_Lcd_cmd_status
0x0243     [256]    update_value_test_L0
0x0343       [2]    FARG_IntToStr_input
0x0343       [1]    FARG_ADC_Read_channel
0x0343       [2]    FARG_update_sign_a
0x0343       [2]    FARG_Button_port
0x0343       [2]    FARG_IntToHex_input
0x0344       [2]    ADC_Read_rslt_L0
0x0345       [2]    FARG_IntToStr_output
0x0345       [2]    FARG_update_sign_b
0x0345       [1]    FARG_Button_pin
0x0345       [2]    FARG_IntToHex_output
0x0346       [1]    FARG_Button_time_ms
0x0347       [1]    FARG_Button_active_state
0x0347       [2]    IntToStr_i_L0
0x0348       [1]    Button_pMask_L0
0x0349       [1]    Button_rslt_L0
0x0349       [2]    IntToStr_negative_L0
0x034B       [2]    IntToStr_inword_L0
0x034D       [2]    FARG_WordToStr_input
0x034D       [1]    FARG_Lcd_Out_row
0x034E       [1]    FARG_Lcd_Out_column
0x034F       [2]    FARG_Lcd_Out_text
0x034F       [2]    FARG_WordToStr_output
0x0351       [1]    Lcd_Out_i_L0
0x0351       [1]    WordToStr_len_L0
0x0352       [2]    FLOC__WordToStr
0x0354       [1]    FARG_Lcd_Chr_CP_out_char
0x0355       [1]    FARG_Lcd_Cmd_out_char
0x0F38       [1]    ANSELA
0x0F39       [1]    ANSELB
0x0F3B       [1]    ANSELD
0x0F78       [0]    C2ON_bit
0x0F79       [0]    C1ON_bit
0x0F80       [1]    PORTA
0x0F81       [0]    RB5_bit
0x0F81       [0]    RB4_bit
0x0F81       [0]    RB1_bit
0x0F81       [0]    RB0_bit
0x0F81       [0]    RB3_bit
0x0F81       [0]    RB2_bit
0x0F81       [0]    LCD_EN
0x0F81       [0]    LCD_RS
0x0F81       [0]    LCD_D4
0x0F81       [0]    LCD_D7
0x0F81       [0]    LCD_D6
0x0F81       [0]    LCD_D5
0x0F92       [1]    TRISA
0x0F93       [0]    TRISB1_bit
0x0F93       [0]    TRISB3_bit
0x0F93       [0]    TRISB2_bit
0x0F93       [0]    LCD_D6_Direction
0x0F93       [0]    LCD_D7_Direction
0x0F93       [0]    TRISB0_bit
0x0F93       [0]    LCD_D5_Direction
0x0F93       [0]    TRISB4_bit
0x0F93       [0]    LCD_D4_Direction
0x0F93       [0]    LCD_EN_Direction
0x0F93       [0]    LCD_RS_Direction
0x0F93       [0]    TRISB5_bit
0x0F95       [1]    TRISD
0x0FC0       [1]    ADCON2
0x0FC1       [1]    ADCON1
0x0FC2       [1]    ADCON0
0x0FC3       [1]    ADRESL
0x0FC4       [1]    ADRESH
0x0FD8       [1]    STATUS
0x0FD9       [1]    FSR2L
0x0FDA       [1]    FSR2H
0x0FDE       [1]    POSTINC2
0x0FE0       [1]    BSR
0x0FE1       [1]    FSR1L
0x0FE2       [1]    FSR1H
0x0FE4       [1]    PREINC1
0x0FE6       [1]    POSTINC1
0x0FE7       [1]    INDF1
0x0FE8       [1]    WREG
0x0FE9       [1]    FSR0L
0x0FEA       [1]    FSR0H
0x0FEE       [1]    POSTINC0
0x0FF3       [1]    PRODL
0x0FF4       [1]    PRODH
0x0FF5       [1]    TABLAT
0x0FF6       [1]    TBLPTRL
0x0FF7       [1]    TBLPTRH
0x0FF8       [1]    TBLPTRU
//** Constants locations ** 
//ADDRESS    SIZE    CONSTANT
//----------------------------------------------
0x08B8       [6]    ?ICS?lstr3_LED_LCD
0x08BE     [256]    ?ICS_valeur
0x09BE       [6]    ?ICS?lstr1_LED_LCD
0x09C4       [6]    ?ICS?lstr2_LED_LCD
0x09CA     [256]    ?ICS_potentio
0x0ACA       [1]    ?ICS_vref_mask
0x0ACB       [8]    ?ICS_txt_1
0x0AD3       [6]    ?ICS_txt_2
0x0AD9       [4]    ?ICS_txt_3
0x0ADD      [16]    __Lib_Conversions_Digits
