;  LST file generated by mikroListExporter - v.2.0 
; Date/Time: 09/03/2020 11:57:30
;----------------------------------------------

;Address Opcode 	ASM
0x0000	0xF001EFE4  	GOTO        968
_Interrupt:
;TP4.c,17 :: 		void Interrupt(void){
0x0008	0xF016C000  	MOVFF       R0, 22
0x000C	0xF015C001  	MOVFF       R1, 21
;TP4.c,18 :: 		if (TMR0IF_bit){ // Timer0 toutes les 5ms
0x0010	0xF017CFE9  	MOVFF       FSR0L, 23
0x0014	0xF018CFEA  	MOVFF       FSR0H, 24
0x0018	0xA4F2      	BTFSS       TMR0IF_bit, BitPos(TMR0IF_bit+0) 
0x001A	0xD01F      	BRA         L_Interrupt0
;TP4.c,19 :: 		TMR0IF_bit = 0;
0x001C	0x94F2      	BCF         TMR0IF_bit, BitPos(TMR0IF_bit+0) 
;TP4.c,20 :: 		TMR0H = 0xD8;
0x001E	0x0ED8      	MOVLW       216
0x0020	0x6ED7      	MOVWF       TMR0H 
;TP4.c,21 :: 		TMR0L = 0xF0;
0x0022	0x0EF0      	MOVLW       240
0x0024	0x6ED6      	MOVWF       TMR0L 
;TP4.c,22 :: 		LATA = 0;
0x0026	0x6A89      	CLRF        LATA 
;TP4.c,23 :: 		LATD = Segment[index];
0x0028	0x0E19      	MOVLW       _Segment
0x002A	0x6EE9      	MOVWF       FSR0L 
0x002C	0x0E00      	MOVLW       hi_addr(_Segment)
0x002E	0x6EEA      	MOVWF       FSR0H 
0x0030	0x5026      	MOVF        _index, 0 
0x0032	0x26E9      	ADDWF       FSR0L, 1 
0x0034	0xB0D8      	BTFSC       STATUS, 0 
0x0036	0x2AEA      	INCF        FSR0H, 1 
0x0038	0xFF8CCFEE  	MOVFF       POSTINC0, LATD
;TP4.c,24 :: 		LATA = 1 << index;
0x003C	0xF001C026  	MOVFF       _index, R1
0x0040	0x0E01      	MOVLW       1
0x0042	0x6E00      	MOVWF       R0 
0x0044	0x5001      	MOVF        R1, 0 
L__Interrupt44:
0x0046	0xE004      	BZ          L__Interrupt45
0x0048	0x3600      	RLCF        R0, 1 
0x004A	0x9000      	BCF         R0, 0 
0x004C	0x0FFF      	ADDLW       255
0x004E	0xD7FB      	BRA         L__Interrupt44
L__Interrupt45:
0x0050	0xFF89C000  	MOVFF       R0, LATA
;TP4.c,25 :: 		index++;
0x0054	0x2A26      	INCF        _index, 1 
;TP4.c,26 :: 		index = index%4;
0x0056	0x0E03      	MOVLW       3
0x0058	0x1626      	ANDWF       _index, 1 
;TP4.c,27 :: 		}
L_Interrupt0:
;TP4.c,28 :: 		}
L_end_Interrupt:
L__Interrupt43:
0x005A	0xF000C016  	MOVFF       22, R0
0x005E	0xF001C015  	MOVFF       21, R1
0x0062	0xFFE9C017  	MOVFF       23, FSR0L
0x0066	0xFFEAC018  	MOVFF       24, FSR0H
0x006A	0x0011      	RETFIE      1
; end of _Interrupt
_Delay_500us:
;__Lib_Delays.c,27 :: 		void Delay_500us() {
;__Lib_Delays.c,28 :: 		Delay_us(498);
0x006C	0x0E02      	MOVLW       2
0x006E	0x6E0C      	MOVWF       R12, 0
0x0070	0x0E49      	MOVLW       73
0x0072	0x6E0D      	MOVWF       R13, 0
L_Delay_500us4:
0x0074	0x2E0D      	DECFSZ      R13, 1, 0
0x0076	0xD7FE      	BRA         L_Delay_500us4
0x0078	0x2E0C      	DECFSZ      R12, 1, 0
0x007A	0xD7FC      	BRA         L_Delay_500us4
0x007C	0x0000      	NOP
0x007E	0x0000      	NOP
;__Lib_Delays.c,29 :: 		}
L_end_Delay_500us:
0x0080	0x0012      	RETURN      0
; end of _Delay_500us
_Div_16X16_U:
;__Lib_Math.c,102 :: 		
;__Lib_Math.c,109 :: 		
0x0082	0x6A08      	CLRF        R8, 0
;__Lib_Math.c,110 :: 		
0x0084	0x6A09      	CLRF        R9, 0
;__Lib_Math.c,111 :: 		
0x0086	0x0E10      	MOVLW       16
;__Lib_Math.c,112 :: 		
0x0088	0x6E0C      	MOVWF       R12, 0
;__Lib_Math.c,113 :: 		
0x008A	0x3401      	RLCF        R1, 0, 0
;__Lib_Math.c,114 :: 		
0x008C	0x3608      	RLCF        R8, 1, 0
;__Lib_Math.c,115 :: 		
0x008E	0x3609      	RLCF        R9, 1, 0
;__Lib_Math.c,116 :: 		
0x0090	0x5004      	MOVF        R4, 0, 0
;__Lib_Math.c,117 :: 		
0x0092	0x5E08      	SUBWF       R8, 1, 0
;__Lib_Math.c,118 :: 		
0x0094	0x5005      	MOVF        R5, 0, 0
;__Lib_Math.c,119 :: 		
0x0096	0xA0D8      	BTFSS       STATUS, 0, 0
;__Lib_Math.c,120 :: 		
0x0098	0x3C05      	INCFSZ      R5, 0, 0
;__Lib_Math.c,121 :: 		
0x009A	0x5E09      	SUBWF       R9, 1, 0
;__Lib_Math.c,122 :: 		
0x009C	0xB0D8      	BTFSC       STATUS, 0, 0
;__Lib_Math.c,123 :: 		
0x009E	0xD007      	BRA         $+16
;__Lib_Math.c,124 :: 		
0x00A0	0x5004      	MOVF        R4, 0, 0
;__Lib_Math.c,125 :: 		
0x00A2	0x2608      	ADDWF       R8, 1, 0
;__Lib_Math.c,126 :: 		
0x00A4	0x5005      	MOVF        R5, 0, 0
;__Lib_Math.c,127 :: 		
0x00A6	0xB0D8      	BTFSC       STATUS, 0, 0
;__Lib_Math.c,128 :: 		
0x00A8	0x3C05      	INCFSZ      R5, 0, 0
;__Lib_Math.c,129 :: 		
0x00AA	0x2609      	ADDWF       R9, 1, 0
;__Lib_Math.c,130 :: 		
0x00AC	0x90D8      	BCF         STATUS, 0, 0
;__Lib_Math.c,131 :: 		
0x00AE	0x3600      	RLCF        R0, 1, 0
;__Lib_Math.c,132 :: 		
0x00B0	0x3601      	RLCF        R1, 1, 0
;__Lib_Math.c,133 :: 		
0x00B2	0x2E0C      	DECFSZ      R12, 1, 0
;__Lib_Math.c,134 :: 		
0x00B4	0xD7EA      	BRA         $-42
;__Lib_Math.c,136 :: 		
L_end_Div_16X16_U:
0x00B6	0x0012      	RETURN      0
; end of _Div_16X16_U
_Button:
;__Lib_Button.c,6 :: 		
;__Lib_Button.c,8 :: 		
0x00B8	0x6A31      	CLRF        Button_rslt_L0 
;__Lib_Button.c,11 :: 		
0x00BA	0xF001C02D  	MOVFF       FARG_Button_pin, R1
0x00BE	0x0E01      	MOVLW       1
0x00C0	0x6E00      	MOVWF       R0 
0x00C2	0x5001      	MOVF        R1, 0 
L__Button5:
0x00C4	0xE004      	BZ          L__Button6
0x00C6	0x3600      	RLCF        R0, 1 
0x00C8	0x9000      	BCF         R0, 0 
0x00CA	0x0FFF      	ADDLW       255
0x00CC	0xD7FB      	BRA         L__Button5
L__Button6:
0x00CE	0xF030C000  	MOVFF       R0, Button_pMask_L0
;__Lib_Button.c,13 :: 		
0x00D2	0xFFE9C02B  	MOVFF       FARG_Button_port, FSR0L
0x00D6	0xFFEAC02C  	MOVFF       FARG_Button_port+1, FSR0H
0x00DA	0x5000      	MOVF        R0, 0 
0x00DC	0x14EE      	ANDWF       POSTINC0, 0 
0x00DE	0x6E01      	MOVWF       R1 
0x00E0	0x5201      	MOVF        R1, 1 
0x00E2	0x0E01      	MOVLW       1
0x00E4	0xA4D8      	BTFSS       STATUS, 2 
0x00E6	0x0E00      	MOVLW       0
0x00E8	0x6E00      	MOVWF       R0 
0x00EA	0x502F      	MOVF        FARG_Button_active_state, 0 
0x00EC	0x1A00      	XORWF       R0, 1 
0x00EE	0xE018      	BZ          L_Button0
;__Lib_Button.c,15 :: 		
L_Button1:
0x00F0	0x502E      	MOVF        FARG_Button_time_ms, 0 
0x00F2	0x0800      	SUBLW       0
0x00F4	0xE204      	BC          L_Button2
;__Lib_Button.c,16 :: 		
0x00F6	0xDFBA      	RCALL       _Delay_500us
;__Lib_Button.c,17 :: 		
0x00F8	0xDFB9      	RCALL       _Delay_500us
;__Lib_Button.c,18 :: 		
0x00FA	0x062E      	DECF        FARG_Button_time_ms, 1 
;__Lib_Button.c,19 :: 		
0x00FC	0xD7F9      	BRA         L_Button1
L_Button2:
;__Lib_Button.c,21 :: 		
0x00FE	0xFFE9C02B  	MOVFF       FARG_Button_port, FSR0L
0x0102	0xFFEAC02C  	MOVFF       FARG_Button_port+1, FSR0H
0x0106	0x5030      	MOVF        Button_pMask_L0, 0 
0x0108	0x14EE      	ANDWF       POSTINC0, 0 
0x010A	0x6E01      	MOVWF       R1 
0x010C	0x5201      	MOVF        R1, 1 
0x010E	0x0E01      	MOVLW       1
0x0110	0xA4D8      	BTFSS       STATUS, 2 
0x0112	0x0E00      	MOVLW       0
0x0114	0x6E00      	MOVWF       R0 
0x0116	0x502F      	MOVF        FARG_Button_active_state, 0 
0x0118	0x1A00      	XORWF       R0, 1 
0x011A	0xE002      	BZ          L_Button3
;__Lib_Button.c,22 :: 		
0x011C	0x0EFF      	MOVLW       255
0x011E	0x6E31      	MOVWF       Button_rslt_L0 
L_Button3:
;__Lib_Button.c,23 :: 		
L_Button0:
;__Lib_Button.c,25 :: 		
0x0120	0xF000C031  	MOVFF       Button_rslt_L0, R0
;__Lib_Button.c,26 :: 		
L_end_Button:
0x0124	0x0012      	RETURN      0
; end of _Button
_setValue:
;TP4.c,43 :: 		void setValue(int n){
;TP4.c,44 :: 		if (n == 0 && compteur +1 < 1000){
0x0126	0x0E00      	MOVLW       0
0x0128	0x182C      	XORWF       FARG_setValue_n+1, 0 
0x012A	0xE102      	BNZ         L__setValue48
0x012C	0x0E00      	MOVLW       0
0x012E	0x182B      	XORWF       FARG_setValue_n, 0 
L__setValue48:
0x0130	0xE10F      	BNZ         L_setValue3
0x0132	0x0E01      	MOVLW       1
0x0134	0x2421      	ADDWF       _compteur, 0 
0x0136	0x6E01      	MOVWF       R1 
0x0138	0x0E00      	MOVLW       0
0x013A	0x2022      	ADDWFC      _compteur+1, 0 
0x013C	0x6E02      	MOVWF       R2 
0x013E	0x0E03      	MOVLW       3
0x0140	0x5C02      	SUBWF       R2, 0 
0x0142	0xE102      	BNZ         L__setValue49
0x0144	0x0EE8      	MOVLW       232
0x0146	0x5C01      	SUBWF       R1, 0 
L__setValue49:
0x0148	0xE203      	BC          L_setValue3
L__setValue40:
;TP4.c,45 :: 		compteur += 1;
0x014A	0x4A21      	INFSNZ      _compteur, 1 
0x014C	0x2A22      	INCF        _compteur+1, 1 
;TP4.c,46 :: 		}
0x014E	0xD07B      	BRA         L_setValue4
L_setValue3:
;TP4.c,47 :: 		else if (n == 1 && compteur -1 > 0){
0x0150	0x0E00      	MOVLW       0
0x0152	0x182C      	XORWF       FARG_setValue_n+1, 0 
0x0154	0xE102      	BNZ         L__setValue50
0x0156	0x0E01      	MOVLW       1
0x0158	0x182B      	XORWF       FARG_setValue_n, 0 
L__setValue50:
0x015A	0xE113      	BNZ         L_setValue7
0x015C	0x0E01      	MOVLW       1
0x015E	0x5C21      	SUBWF       _compteur, 0 
0x0160	0x6E01      	MOVWF       R1 
0x0162	0x0E00      	MOVLW       0
0x0164	0x5822      	SUBWFB      _compteur+1, 0 
0x0166	0x6E02      	MOVWF       R2 
0x0168	0x0E00      	MOVLW       0
0x016A	0x6E00      	MOVWF       R0 
0x016C	0x5002      	MOVF        R2, 0 
0x016E	0x5C00      	SUBWF       R0, 0 
0x0170	0xE102      	BNZ         L__setValue51
0x0172	0x5001      	MOVF        R1, 0 
0x0174	0x0800      	SUBLW       0
L__setValue51:
0x0176	0xE205      	BC          L_setValue7
L__setValue39:
;TP4.c,48 :: 		compteur -= 1;
0x0178	0x0E01      	MOVLW       1
0x017A	0x5E21      	SUBWF       _compteur, 1 
0x017C	0x0E00      	MOVLW       0
0x017E	0x5A22      	SUBWFB      _compteur+1, 1 
;TP4.c,49 :: 		}
0x0180	0xD062      	BRA         L_setValue8
L_setValue7:
;TP4.c,50 :: 		else if (n == 2 && compteur +10 < 1000){
0x0182	0x0E00      	MOVLW       0
0x0184	0x182C      	XORWF       FARG_setValue_n+1, 0 
0x0186	0xE102      	BNZ         L__setValue52
0x0188	0x0E02      	MOVLW       2
0x018A	0x182B      	XORWF       FARG_setValue_n, 0 
L__setValue52:
0x018C	0xE111      	BNZ         L_setValue11
0x018E	0x0E0A      	MOVLW       10
0x0190	0x2421      	ADDWF       _compteur, 0 
0x0192	0x6E01      	MOVWF       R1 
0x0194	0x0E00      	MOVLW       0
0x0196	0x2022      	ADDWFC      _compteur+1, 0 
0x0198	0x6E02      	MOVWF       R2 
0x019A	0x0E03      	MOVLW       3
0x019C	0x5C02      	SUBWF       R2, 0 
0x019E	0xE102      	BNZ         L__setValue53
0x01A0	0x0EE8      	MOVLW       232
0x01A2	0x5C01      	SUBWF       R1, 0 
L__setValue53:
0x01A4	0xE205      	BC          L_setValue11
L__setValue38:
;TP4.c,51 :: 		compteur += 10;
0x01A6	0x0E0A      	MOVLW       10
0x01A8	0x2621      	ADDWF       _compteur, 1 
0x01AA	0x0E00      	MOVLW       0
0x01AC	0x2222      	ADDWFC      _compteur+1, 1 
;TP4.c,52 :: 		}
0x01AE	0xD04B      	BRA         L_setValue12
L_setValue11:
;TP4.c,53 :: 		else if (n == 3 && compteur -1 > 0){
0x01B0	0x0E00      	MOVLW       0
0x01B2	0x182C      	XORWF       FARG_setValue_n+1, 0 
0x01B4	0xE102      	BNZ         L__setValue54
0x01B6	0x0E03      	MOVLW       3
0x01B8	0x182B      	XORWF       FARG_setValue_n, 0 
L__setValue54:
0x01BA	0xE113      	BNZ         L_setValue15
0x01BC	0x0E01      	MOVLW       1
0x01BE	0x5C21      	SUBWF       _compteur, 0 
0x01C0	0x6E01      	MOVWF       R1 
0x01C2	0x0E00      	MOVLW       0
0x01C4	0x5822      	SUBWFB      _compteur+1, 0 
0x01C6	0x6E02      	MOVWF       R2 
0x01C8	0x0E00      	MOVLW       0
0x01CA	0x6E00      	MOVWF       R0 
0x01CC	0x5002      	MOVF        R2, 0 
0x01CE	0x5C00      	SUBWF       R0, 0 
0x01D0	0xE102      	BNZ         L__setValue55
0x01D2	0x5001      	MOVF        R1, 0 
0x01D4	0x0800      	SUBLW       0
L__setValue55:
0x01D6	0xE205      	BC          L_setValue15
L__setValue37:
;TP4.c,54 :: 		compteur -= 10;
0x01D8	0x0E0A      	MOVLW       10
0x01DA	0x5E21      	SUBWF       _compteur, 1 
0x01DC	0x0E00      	MOVLW       0
0x01DE	0x5A22      	SUBWFB      _compteur+1, 1 
;TP4.c,55 :: 		}
0x01E0	0xD032      	BRA         L_setValue16
L_setValue15:
;TP4.c,56 :: 		else if (n == 4 && compteur +100 < 1000){
0x01E2	0x0E00      	MOVLW       0
0x01E4	0x182C      	XORWF       FARG_setValue_n+1, 0 
0x01E6	0xE102      	BNZ         L__setValue56
0x01E8	0x0E04      	MOVLW       4
0x01EA	0x182B      	XORWF       FARG_setValue_n, 0 
L__setValue56:
0x01EC	0xE111      	BNZ         L_setValue19
0x01EE	0x0E64      	MOVLW       100
0x01F0	0x2421      	ADDWF       _compteur, 0 
0x01F2	0x6E01      	MOVWF       R1 
0x01F4	0x0E00      	MOVLW       0
0x01F6	0x2022      	ADDWFC      _compteur+1, 0 
0x01F8	0x6E02      	MOVWF       R2 
0x01FA	0x0E03      	MOVLW       3
0x01FC	0x5C02      	SUBWF       R2, 0 
0x01FE	0xE102      	BNZ         L__setValue57
0x0200	0x0EE8      	MOVLW       232
0x0202	0x5C01      	SUBWF       R1, 0 
L__setValue57:
0x0204	0xE205      	BC          L_setValue19
L__setValue36:
;TP4.c,57 :: 		compteur += 100;
0x0206	0x0E64      	MOVLW       100
0x0208	0x2621      	ADDWF       _compteur, 1 
0x020A	0x0E00      	MOVLW       0
0x020C	0x2222      	ADDWFC      _compteur+1, 1 
;TP4.c,58 :: 		}
0x020E	0xD01B      	BRA         L_setValue20
L_setValue19:
;TP4.c,59 :: 		else if (n == 5 && compteur -1 > 0){
0x0210	0x0E00      	MOVLW       0
0x0212	0x182C      	XORWF       FARG_setValue_n+1, 0 
0x0214	0xE102      	BNZ         L__setValue58
0x0216	0x0E05      	MOVLW       5
0x0218	0x182B      	XORWF       FARG_setValue_n, 0 
L__setValue58:
0x021A	0xE113      	BNZ         L_setValue23
0x021C	0x0E01      	MOVLW       1
0x021E	0x5C21      	SUBWF       _compteur, 0 
0x0220	0x6E01      	MOVWF       R1 
0x0222	0x0E00      	MOVLW       0
0x0224	0x5822      	SUBWFB      _compteur+1, 0 
0x0226	0x6E02      	MOVWF       R2 
0x0228	0x0E00      	MOVLW       0
0x022A	0x6E00      	MOVWF       R0 
0x022C	0x5002      	MOVF        R2, 0 
0x022E	0x5C00      	SUBWF       R0, 0 
0x0230	0xE102      	BNZ         L__setValue59
0x0232	0x5001      	MOVF        R1, 0 
0x0234	0x0800      	SUBLW       0
L__setValue59:
0x0236	0xE205      	BC          L_setValue23
L__setValue35:
;TP4.c,60 :: 		compteur -= 100;
0x0238	0x0E64      	MOVLW       100
0x023A	0x5E21      	SUBWF       _compteur, 1 
0x023C	0x0E00      	MOVLW       0
0x023E	0x5A22      	SUBWFB      _compteur+1, 1 
;TP4.c,61 :: 		}
0x0240	0xD002      	BRA         L_setValue24
L_setValue23:
;TP4.c,63 :: 		compteur = 0;
0x0242	0x6A21      	CLRF        _compteur 
0x0244	0x6A22      	CLRF        _compteur+1 
;TP4.c,64 :: 		}
L_setValue24:
L_setValue20:
L_setValue16:
L_setValue12:
L_setValue8:
L_setValue4:
;TP4.c,65 :: 		}
L_end_setValue:
0x0246	0x0012      	RETURN      0
; end of _setValue
___CC2DW:
;__Lib_System.c,21 :: 		
;__Lib_System.c,23 :: 		
_CC2DL_Loop1:
;__Lib_System.c,24 :: 		
0x0248	0x0009      	TBLRD*+
;__Lib_System.c,25 :: 		
0x024A	0xFFE6CFF5  	MOVFF       TABLAT, POSTINC1
;__Lib_System.c,26 :: 		
0x024E	0x0600      	DECF        R0, 1, 0
;__Lib_System.c,27 :: 		
0x0250	0xE1FB      	BNZ         _CC2DL_Loop1
;__Lib_System.c,28 :: 		
0x0252	0x0601      	DECF        R1, 1, 0
;__Lib_System.c,29 :: 		
0x0254	0xE1F9      	BNZ         _CC2DL_Loop1
;__Lib_System.c,31 :: 		
L_end___CC2DW:
0x0256	0x0012      	RETURN      0
; end of ___CC2DW
_Update_display:
;TP4.c,31 :: 		void Update_display(void)
;TP4.c,33 :: 		millier = (compteur/1000)%10;
0x0258	0x0EE8      	MOVLW       232
0x025A	0x6E04      	MOVWF       R4 
0x025C	0x0E03      	MOVLW       3
0x025E	0x6E05      	MOVWF       R5 
0x0260	0xF000C021  	MOVFF       _compteur, R0
0x0264	0xF001C022  	MOVFF       _compteur+1, R1
0x0268	0xDF0C      	RCALL       _Div_16X16_U
0x026A	0x0E0A      	MOVLW       10
0x026C	0x6E04      	MOVWF       R4 
0x026E	0x0E00      	MOVLW       0
0x0270	0x6E05      	MOVWF       R5 
0x0272	0xDF07      	RCALL       _Div_16X16_U
0x0274	0xF000C008  	MOVFF       R8, R0
0x0278	0xF001C009  	MOVFF       R9, R1
0x027C	0xF01FC000  	MOVFF       R0, _millier
0x0280	0xF020C001  	MOVFF       R1, _millier+1
;TP4.c,34 :: 		Segment[3] = conversion[millier];
0x0284	0x0E1E      	MOVLW       _conversion
0x0286	0x2400      	ADDWF       R0, 0 
0x0288	0x6EF6      	MOVWF       4086 
0x028A	0x0E04      	MOVLW       hi_addr(_conversion)
0x028C	0x2001      	ADDWFC      R1, 0 
0x028E	0x6EF7      	MOVWF       TBLPTRH 
0x0290	0x0E00      	MOVLW       higher_addr(_conversion)
0x0292	0x6EF8      	MOVWF       TBLPTRU 
0x0294	0x0E00      	MOVLW       0
0x0296	0x22F8      	ADDWFC      TBLPTRU, 1 
0x0298	0x0009      	TBLRD*+
0x029A	0xF01CCFF5  	MOVFF       TABLAT, _Segment+3
;TP4.c,35 :: 		centaine = (compteur/100)%10;
0x029E	0x0E64      	MOVLW       100
0x02A0	0x6E04      	MOVWF       R4 
0x02A2	0x0E00      	MOVLW       0
0x02A4	0x6E05      	MOVWF       R5 
0x02A6	0xF000C021  	MOVFF       _compteur, R0
0x02AA	0xF001C022  	MOVFF       _compteur+1, R1
0x02AE	0xDEE9      	RCALL       _Div_16X16_U
0x02B0	0x0E0A      	MOVLW       10
0x02B2	0x6E04      	MOVWF       R4 
0x02B4	0x0E00      	MOVLW       0
0x02B6	0x6E05      	MOVWF       R5 
0x02B8	0xDEE4      	RCALL       _Div_16X16_U
0x02BA	0xF000C008  	MOVFF       R8, R0
0x02BE	0xF001C009  	MOVFF       R9, R1
0x02C2	0xF01DC000  	MOVFF       R0, _centaine
0x02C6	0xF01EC001  	MOVFF       R1, _centaine+1
;TP4.c,36 :: 		Segment[2] = conversion[centaine];
0x02CA	0x0E1E      	MOVLW       _conversion
0x02CC	0x2400      	ADDWF       R0, 0 
0x02CE	0x6EF6      	MOVWF       4086 
0x02D0	0x0E04      	MOVLW       hi_addr(_conversion)
0x02D2	0x2001      	ADDWFC      R1, 0 
0x02D4	0x6EF7      	MOVWF       TBLPTRH 
0x02D6	0x0E00      	MOVLW       higher_addr(_conversion)
0x02D8	0x6EF8      	MOVWF       TBLPTRU 
0x02DA	0x0E00      	MOVLW       0
0x02DC	0x22F8      	ADDWFC      TBLPTRU, 1 
0x02DE	0x0009      	TBLRD*+
0x02E0	0xF01BCFF5  	MOVFF       TABLAT, _Segment+2
;TP4.c,37 :: 		dizaine = (compteur/10)%10;
0x02E4	0x0E0A      	MOVLW       10
0x02E6	0x6E04      	MOVWF       R4 
0x02E8	0x0E00      	MOVLW       0
0x02EA	0x6E05      	MOVWF       R5 
0x02EC	0xF000C021  	MOVFF       _compteur, R0
0x02F0	0xF001C022  	MOVFF       _compteur+1, R1
0x02F4	0xDEC6      	RCALL       _Div_16X16_U
0x02F6	0x0E0A      	MOVLW       10
0x02F8	0x6E04      	MOVWF       R4 
0x02FA	0x0E00      	MOVLW       0
0x02FC	0x6E05      	MOVWF       R5 
0x02FE	0xDEC1      	RCALL       _Div_16X16_U
0x0300	0xF000C008  	MOVFF       R8, R0
0x0304	0xF001C009  	MOVFF       R9, R1
0x0308	0xF023C000  	MOVFF       R0, _dizaine
0x030C	0xF024C001  	MOVFF       R1, _dizaine+1
;TP4.c,38 :: 		Segment[1] = conversion[dizaine];
0x0310	0x0E1E      	MOVLW       _conversion
0x0312	0x2400      	ADDWF       R0, 0 
0x0314	0x6EF6      	MOVWF       4086 
0x0316	0x0E04      	MOVLW       hi_addr(_conversion)
0x0318	0x2001      	ADDWFC      R1, 0 
0x031A	0x6EF7      	MOVWF       TBLPTRH 
0x031C	0x0E00      	MOVLW       higher_addr(_conversion)
0x031E	0x6EF8      	MOVWF       TBLPTRU 
0x0320	0x0E00      	MOVLW       0
0x0322	0x22F8      	ADDWFC      TBLPTRU, 1 
0x0324	0x0009      	TBLRD*+
0x0326	0xF01ACFF5  	MOVFF       TABLAT, _Segment+1
;TP4.c,39 :: 		unite = compteur%10;
0x032A	0x0E0A      	MOVLW       10
0x032C	0x6E04      	MOVWF       R4 
0x032E	0x0E00      	MOVLW       0
0x0330	0x6E05      	MOVWF       R5 
0x0332	0xF000C021  	MOVFF       _compteur, R0
0x0336	0xF001C022  	MOVFF       _compteur+1, R1
0x033A	0xDEA3      	RCALL       _Div_16X16_U
0x033C	0xF000C008  	MOVFF       R8, R0
0x0340	0xF001C009  	MOVFF       R9, R1
0x0344	0xF027C000  	MOVFF       R0, _unite
0x0348	0xF028C001  	MOVFF       R1, _unite+1
;TP4.c,40 :: 		Segment[0] = conversion[unite];
0x034C	0x0E1E      	MOVLW       _conversion
0x034E	0x2400      	ADDWF       R0, 0 
0x0350	0x6EF6      	MOVWF       4086 
0x0352	0x0E04      	MOVLW       hi_addr(_conversion)
0x0354	0x2001      	ADDWFC      R1, 0 
0x0356	0x6EF7      	MOVWF       TBLPTRH 
0x0358	0x0E00      	MOVLW       higher_addr(_conversion)
0x035A	0x6EF8      	MOVWF       TBLPTRU 
0x035C	0x0E00      	MOVLW       0
0x035E	0x22F8      	ADDWFC      TBLPTRU, 1 
0x0360	0x0009      	TBLRD*+
0x0362	0xF019CFF5  	MOVFF       TABLAT, _Segment
;TP4.c,41 :: 		}
L_end_Update_display:
0x0366	0x0012      	RETURN      0
; end of _Update_display
_update_value:
;TP4.c,67 :: 		void update_value(void){
;TP4.c,68 :: 		for (i = 0; i < 6; i++){
0x0368	0x6A29      	CLRF        _i 
0x036A	0x6A2A      	CLRF        _i+1 
L_update_value25:
0x036C	0x0E80      	MOVLW       128
0x036E	0x182A      	XORWF       _i+1, 0 
0x0370	0x6E00      	MOVWF       R0 
0x0372	0x0E80      	MOVLW       128
0x0374	0x5C00      	SUBWF       R0, 0 
0x0376	0xE102      	BNZ         L__update_value61
0x0378	0x0E06      	MOVLW       6
0x037A	0x5C29      	SUBWF       _i, 0 
L__update_value61:
0x037C	0xE224      	BC          L_update_value26
;TP4.c,69 :: 		if (Button(&PORTC, i, 1, 1)){
0x037E	0x0E82      	MOVLW       PORTC
0x0380	0x6E2B      	MOVWF       FARG_Button_port 
0x0382	0x0E0F      	MOVLW       hi_addr(PORTC)
0x0384	0x6E2C      	MOVWF       FARG_Button_port+1 
0x0386	0xF02DC029  	MOVFF       _i, FARG_Button_pin
0x038A	0x0E01      	MOVLW       1
0x038C	0x6E2E      	MOVWF       FARG_Button_time_ms 
0x038E	0x0E01      	MOVLW       1
0x0390	0x6E2F      	MOVWF       FARG_Button_active_state 
0x0392	0xDE92      	RCALL       _Button
0x0394	0x5200      	MOVF        R0, 1 
0x0396	0xA4D8      	BTFSS       STATUS, 2 
;TP4.c,70 :: 		oldState = 1;
0x0398	0x8025      	BSF         _oldState, BitPos(_oldState+0) 
;TP4.c,71 :: 		}
L_update_value28:
;TP4.c,72 :: 		if (Button(&PORTC, i, 1, 0) && oldState){
0x039A	0x0E82      	MOVLW       PORTC
0x039C	0x6E2B      	MOVWF       FARG_Button_port 
0x039E	0x0E0F      	MOVLW       hi_addr(PORTC)
0x03A0	0x6E2C      	MOVWF       FARG_Button_port+1 
0x03A2	0xF02DC029  	MOVFF       _i, FARG_Button_pin
0x03A6	0x0E01      	MOVLW       1
0x03A8	0x6E2E      	MOVWF       FARG_Button_time_ms 
0x03AA	0x6A2F      	CLRF        FARG_Button_active_state 
0x03AC	0xDE85      	RCALL       _Button
0x03AE	0x5200      	MOVF        R0, 1 
0x03B0	0xE007      	BZ          L_update_value31
0x03B2	0xA025      	BTFSS       _oldState, BitPos(_oldState+0) 
0x03B4	0xD005      	BRA         L_update_value31
L__update_value41:
;TP4.c,73 :: 		setValue(i);
0x03B6	0xF02BC029  	MOVFF       _i, FARG_setValue_n
0x03BA	0xF02CC02A  	MOVFF       _i+1, FARG_setValue_n+1
0x03BE	0xDEB3      	RCALL       _setValue
;TP4.c,74 :: 		}
L_update_value31:
;TP4.c,68 :: 		for (i = 0; i < 6; i++){
0x03C0	0x4A29      	INFSNZ      _i, 1 
0x03C2	0x2A2A      	INCF        _i+1, 1 
;TP4.c,75 :: 		}
0x03C4	0xD7D3      	BRA         L_update_value25
L_update_value26:
;TP4.c,76 :: 		}
L_end_update_value:
0x03C6	0x0012      	RETURN      0
; end of _update_value
_main:
0x03C8	0x6A19      	CLRF        _Segment 
0x03CA	0x6A1A      	CLRF        26 
0x03CC	0x6A1B      	CLRF        27 
0x03CE	0x6A1C      	CLRF        28 
;TP4.c,79 :: 		void main(void) {
;TP4.c,80 :: 		ANSELA = 0;
0x03D0	0x010F      	MOVLB       15
0x03D2	0x6B38      	CLRF        ANSELA, 1
;TP4.c,81 :: 		ANSELD = 0;
0x03D4	0x6B3B      	CLRF        ANSELD, 1
;TP4.c,82 :: 		TRISA = 0;
0x03D6	0x6A92      	CLRF        TRISA 
;TP4.c,83 :: 		LATA  = 0;
0x03D8	0x6A89      	CLRF        LATA 
;TP4.c,84 :: 		TRISD = 0;
0x03DA	0x6A95      	CLRF        TRISD 
;TP4.c,86 :: 		TRISC = 0b01111111;
0x03DC	0x0E7F      	MOVLW       127
0x03DE	0x6E94      	MOVWF       TRISC 
;TP4.c,87 :: 		ANSELC = 0;
0x03E0	0x6B3A      	CLRF        ANSELC, 1
;TP4.c,88 :: 		oldState = 0;
0x03E2	0x9025      	BCF         _oldState, BitPos(_oldState+0) 
;TP4.c,90 :: 		LATD  = 0;
0x03E4	0x6A8C      	CLRF        LATD 
;TP4.c,91 :: 		compteur = 0;
0x03E6	0x6A21      	CLRF        _compteur 
0x03E8	0x6A22      	CLRF        _compteur+1 
;TP4.c,92 :: 		index = 0;
0x03EA	0x6A26      	CLRF        _index 
;TP4.c,94 :: 		T0CON = 0x88;
0x03EC	0x0E88      	MOVLW       136
0x03EE	0x6ED5      	MOVWF       T0CON 
;TP4.c,95 :: 		TMR0H = 0xD8;
0x03F0	0x0ED8      	MOVLW       216
0x03F2	0x6ED7      	MOVWF       TMR0H 
;TP4.c,96 :: 		TMR0L = 0xF0;
0x03F4	0x0EF0      	MOVLW       240
0x03F6	0x6ED6      	MOVWF       TMR0L 
;TP4.c,97 :: 		INTCON.GIE = 1;
0x03F8	0x8EF2      	BSF         INTCON, 7 
;TP4.c,98 :: 		INTCON.TMR0IE = 1;
0x03FA	0x8AF2      	BSF         INTCON, 5 
;TP4.c,101 :: 		while(1) {
L_main32:
;TP4.c,102 :: 		Update_display();
0x03FC	0xDF2D      	RCALL       _Update_display
;TP4.c,103 :: 		update_value();
0x03FE	0xDFB4      	RCALL       _update_value
;TP4.c,104 :: 		delay_ms(100);
0x0400	0x0E02      	MOVLW       2
0x0402	0x6E0B      	MOVWF       R11, 0
0x0404	0x0E04      	MOVLW       4
0x0406	0x6E0C      	MOVWF       R12, 0
0x0408	0x0EBA      	MOVLW       186
0x040A	0x6E0D      	MOVWF       R13, 0
L_main34:
0x040C	0x2E0D      	DECFSZ      R13, 1, 0
0x040E	0xD7FE      	BRA         L_main34
0x0410	0x2E0C      	DECFSZ      R12, 1, 0
0x0412	0xD7FC      	BRA         L_main34
0x0414	0x2E0B      	DECFSZ      R11, 1, 0
0x0416	0xD7FA      	BRA         L_main34
0x0418	0x0000      	NOP
;TP4.c,105 :: 		}
0x041A	0xD7F0      	BRA         L_main32
;TP4.c,106 :: 		}
L_end_main:
0x041C	0xD7FF      	BRA         $+0
; end of _main
;TP4.c,11 :: _conversion
0x041E	0x063F ;_conversion+0
0x0420	0x4F5B ;_conversion+2
0x0422	0x6D66 ;_conversion+4
0x0424	0x077D ;_conversion+6
0x0426	0x6F7F ;_conversion+8
; end of _conversion
Symbol List:
//** Routines locations **
//ADDRESS    SIZE    PROCEDURE
//----------------------------------------------
0x0008     [100]    _Interrupt
0x006C      [22]    _Delay_500us
0x0082      [54]    _Div_16X16_U
0x00B8     [110]    _Button
0x0126     [290]    _setValue
0x0248      [16]    ___CC2DW
0x0258     [272]    _Update_display
0x0368      [96]    _update_value
0x03C8      [86]    _main
//** Variables locations ** 
//ADDRESS    SIZE    VARIABLE
//----------------------------------------------
0x0000       [1]    R0
0x0001       [1]    R1
0x0002       [1]    R2
0x0003       [1]    R3
0x0004       [1]    R4
0x0005       [1]    R5
0x0006       [1]    R6
0x0007       [1]    R7
0x0008       [1]    R8
0x0009       [1]    R9
0x000A       [1]    R10
0x000B       [1]    R11
0x000C       [1]    R12
0x000D       [1]    R13
0x000E       [1]    R14
0x000F       [1]    R15
0x0010       [1]    R16
0x0011       [1]    R17
0x0012       [1]    R18
0x0013       [1]    R19
0x0014       [1]    R20
0x0019       [4]    _Segment
0x001D       [2]    _centaine
0x001F       [2]    _millier
0x0021       [2]    _compteur
0x0023       [2]    _dizaine
0x0025       [0]    _oldState
0x0026       [1]    _index
0x0027       [2]    _unite
0x0029       [2]    _i
0x002B       [2]    FARG_Button_port
0x002B       [2]    FARG_setValue_n
0x002D       [1]    FARG_Button_pin
0x002E       [1]    FARG_Button_time_ms
0x002F       [1]    FARG_Button_active_state
0x0030       [1]    Button_pMask_L0
0x0031       [1]    Button_rslt_L0
0x0F38       [1]    ANSELA
0x0F3A       [1]    ANSELC
0x0F3B       [1]    ANSELD
0x0F82       [1]    PORTC
0x0F89       [1]    LATA
0x0F8C       [1]    LATD
0x0F92       [1]    TRISA
0x0F94       [1]    TRISC
0x0F95       [1]    TRISD
0x0FD5       [1]    T0CON
0x0FD6       [1]    TMR0L
0x0FD7       [1]    TMR0H
0x0FD8       [1]    STATUS
0x0FD9       [1]    FSR2L
0x0FDA       [1]    FSR2H
0x0FDE       [1]    POSTINC2
0x0FE0       [1]    BSR
0x0FE1       [1]    FSR1L
0x0FE2       [1]    FSR1H
0x0FE4       [1]    PREINC1
0x0FE6       [1]    POSTINC1
0x0FE7       [1]    INDF1
0x0FE8       [1]    WREG
0x0FE9       [1]    FSR0L
0x0FEA       [1]    FSR0H
0x0FEE       [1]    POSTINC0
0x0FF2       [0]    TMR0IF_bit
0x0FF2       [1]    INTCON
0x0FF3       [1]    PRODL
0x0FF4       [1]    PRODH
0x0FF5       [1]    TABLAT
0x0FF6       [1]    TBLPTRL
0x0FF7       [1]    TBLPTRH
0x0FF8       [1]    TBLPTRU
//** Constants locations ** 
//ADDRESS    SIZE    CONSTANT
//----------------------------------------------
0x041E      [10]    _conversion
